         0.0 -1001   15   15
      1200.0 -1001   15   15
      3600.0 -1001   15   15
     21600.0 -1001   15   15
     43200.0 -1001   15   15
     64800.0 -1001   15   15
     86400.0 -1001   15   15
    108000.0 -1001   15   15
    129600.0 -1001   15   15
    151200.0 -1001   15   15
    172800.0 -1001   15   15
    194400.0 -1001   15   15
    216000.0 -1001   15   15
    237600.0 -1001   15   15
    259200.0 -1001   15   15
    280800.0 -1001   15   15
    302400.0 -1001   15   15
    324000.0 -1001   15   15
    345600.0 -1001   15   15
    367200.0 -1001   15   15
    388800.0 -1001   15   15
    410400.0 -1001   15   15
    432000.0 -1001   15   15
    453600.0 -1001   15   15
    475200.0 -1001   15   15
    496800.0 -1001   15   15
    518400.0 -1001   15   15
    540000.0 -1001   15   15
    561600.0 -1001   15   15
    583200.0 -1001   15   15
    604800.0 -1001   15   15
    626400.0 -1001   15   15
    648000.0 -1001   15   15
    669600.0 -1001   15   15
    691200.0 -1001   15   15
    712800.0 -1001   15   15
    734400.0 -1001   15   15
    756000.0 -1001   15   15
    777600.0 -1001   15   15
    799200.0 -1001   15   15
    820800.0 -1001   15   15
    842400.0 -1001   15   15
    864000.0 -1001   15   15
    885600.0 -1001   15   15
    907200.0 -1001   15   15
    928800.0 -1001   15   15
    950400.0 -1001   15   15
    972000.0 -1001   15   15
    993600.0 -1001   15   15
   1015200.0 -1001   15   15
   1036800.0 -1001   15   15
   1058400.0 -1001   15   15
   1080000.0 -1001   15   15
   1101600.0 -1001   15   15
   1123200.0 -1001   15   15
   1144800.0 -1001   15   15
   1166400.0 -1001   15   15
   1188000.0 -1001   15   15
   1209600.0 -1001   15   15
   1231200.0 -1001   15   15
   1252800.0 -1001   15   15
   1274400.0 -1001   15   15
   1296000.0 -1001   15   15
   1317600.0 -1001   15   15
   1339200.0 -1001   15   15
   1360800.0 -1001   15   15
   1382400.0 -1001   15   15
   1404000.0 -1001   15   15
   1425600.0 -1001   15   15
   1447200.0 -1001   15   15
   1468800.0 -1001   15   15
   1490400.0 -1001   15   15
   1512000.0 -1001   15   15
   1533600.0 -1001   15   15
   1555200.0 -1001   15   15
   1576800.0 -1001   15   15
   1598400.0 -1001   15   15
   1620000.0 -1001   15   15
   1641600.0 -1001   15   15
   1663200.0 -1001   15   15
   1684800.0 -1001   15   15
   1706400.0 -1001   15   15
   1728000.0 -1001   15   15
   1749600.0 -1001   15   15
   1771200.0 -1001   15   15
   1792800.0 -1001   15   15
   1814400.0 -1001   15   15
   1836000.0 -1001   15   15
   1857600.0 -1001   15   15
   1879200.0 -1001   15   15
   1900800.0 -1001   15   15
   1922400.0 -1001   15   15
   1944000.0 -1001   15   15
   1965600.0 -1001   15   15
   1987200.0 -1001   15   15
   2008800.0 -1001   15   15
   2030400.0 -1001   15   15
   2052000.0 -1001   15   15
   2073600.0 -1001   15   15
   2095200.0 -1001   15   15
   2116800.0 -1001   15   15
   2138400.0 -1001   15   15
   2160000.0 -1001   15   15
   2181600.0 -1001   15   15
   2203200.0 -1001   15   15
   2224800.0 -1001   15   15
   2246400.0 -1001   15   15
   2268000.0 -1001   15   15
   2289600.0 -1001   15   15
   2311200.0 -1001   15   15
   2332800.0 -1001   15   15
   2354400.0 -1001   15   15
   2376000.0 -1001   15   15
   2397600.0 -1001   15   15
   2419200.0 -1001   15   15
   2440800.0 -1001   15   15
   2462400.0 -1001   15   15
   2484000.0 -1001   15   15
   2505600.0 -1001   15   15
   2527200.0 -1001   15   15
   2548800.0 -1001   15   15
   2570400.0 -1001   15   15
   2592000.0 -1001   15   15
   2613600.0 -1001   15   15
   2635200.0 -1001   15   15
   2656800.0 -1001   15   15
   2678400.0 -1001   15   15
