  Oeffne Ausgabedatei   out/log.out                    (Unit: 35)
  Oeffne Ausgabedatei   out/vg_tab.out                 (Unit: 36)
  Oeffne Ausgabedatei   out/bilanz.csv                 (Unit: 37)
  Oeffne Ausgabedatei   out/theta.out                  (Unit: 38)
  Oeffne Ausgabedatei   out/psi.out                    (Unit: 39)
  Oeffne Ausgabedatei   out/psi.fin                    (Unit: 40)
  Oeffne Ausgabedatei   out/fl_xsi.out                 (Unit: 41)
  Oeffne Ausgabedatei   out/fl_eta.out                 (Unit: 42)
  Oeffne Ausgabedatei   out/senken.out                 (Unit: 43)
  Oeffne Ausgabedatei   out/qoben.out                  (Unit: 44)
  Oeffne Ausgabedatei   out/evapo.out                  (Unit: 45)
  Oeffne Ausgabedatei   out/gang.out                   (Unit: 46)
  Oeffne Ausgabedatei   out/ve.out                     (Unit: 47)
  Oeffne Ausgabedatei   out/vx.out                     (Unit: 48)
  Oeffne Ausgabedatei   out/c.out                      (Unit: 49)
  Oeffne Ausgabedatei   out/hko.out                    (Unit: 50)
  Oeffne Ausgabedatei   out/sko.out                    (Unit: 51)
  Oeffne Ausgabedatei   out/relsat.out                 (Unit: 52)
  Oeffne Eingabedatei   in/soil/soils.def (Unit: 55)
  Oeffne Eingabedatei   in/control/timeser.def (Unit: 56)
  Oeffne Eingabedatei   in/landuse/lu_file.def (Unit: 57)
  Oeffne Eingabedatei   in/climate/winddir.def (Unit: 58)
  Start: 01.01.2004 00:00:00.00
  Ende:  01.02.2004 00:00:00.00   d.h.         2678400. [s]
 t_off       0.0000000000000000     
 dtbach      3600.0000000000000     
 qtol        9.9999999999999995E-007
 dt_max      86400.000000000000     
 dt_min      1.0000000000000000E-002
 dt_s        10.000000000000000     
 d_Th_opt    2.9999999999999999E-002
 d_Phi_opt   2.9999999999999999E-002
 n_gr                5
 it_max             12
 piceps      1.0000000000000000E-003
 cgeps       5.0000000000000004E-006
  Oeffne Eingabedatei   in/precip/precip_mala.dat (Unit: 67)
  Oeffne Eingabedatei   in/landuse/lu_ts.dat (Unit: 29)
  Oeffne Eingabedatei   in/climate/climate.dat (Unit: 63)
  Oeffne Eingabedatei   in/landuse/wiese.par (Unit: 28)
  Oeffne Eingabedatei   in/landuse/laubwald.par (Unit: 28)
  Oeffne Eingabedatei   in/landuse/nadelwald.par (Unit: 28)
  Oeffne Eingabedatei   in/hill_1/hang.geo (Unit: 21)
  Oeffne Eingabedatei   in/hill_1/soils.bod (Unit: 22)
  Oeffne Eingabedatei   in/hill_1/kstat.dat (Unit: 32)
  Oeffne Eingabedatei   in/hill_1/thstat.dat (Unit: 33)
  Oeffne Eingabedatei   in/hill_1/control.cv (Unit: 31)
  Oeffne Ausgabedatei   in/hill_1/hang.bna             (Unit: 26)
  Oeffne Eingabedatei   in/hill_1/initial.ini (Unit: 23)
