     -1001     0.0000E+00     0.0000E+00     0.0000E+00     0.0000E+00     0.0000E+00     0.0000E+00     0.0000E+00     0.0000E+00     0.0000E+00     0.0000E+00     0.0000E+00     0.0000E+00     0.0000E+00     0.0000E+00     0.0000E+00     0.0000E+00
     -2001     0.0000E+00     0.0000E+00     0.0000E+00     0.0000E+00     0.0000E+00     0.0000E+00     0.0000E+00     0.0000E+00     0.0000E+00     0.0000E+00     0.0000E+00     0.0000E+00     0.0000E+00     0.0000E+00     0.0000E+00     0.0000E+00
     -3001     0.0000E+00     0.0000E+00     0.0000E+00     0.0000E+00     0.0000E+00     0.0000E+00     0.0000E+00     0.0000E+00     0.0000E+00     0.0000E+00     0.0000E+00     0.0000E+00     0.0000E+00     0.0000E+00     0.0000E+00     0.0000E+00
     -1001     0.1200E+04     0.1748E-08     0.1085E-08     0.1089E-08     0.1129E-08     0.1139E-08     0.1150E-08     0.1117E-08     0.1144E-08     0.1130E-08     0.1102E-08     0.1034E-08     0.1078E-08     0.1144E-08     0.1080E-08     0.1063E-08
     -2001     0.1200E+04     0.0000E+00     0.0000E+00     0.0000E+00     0.0000E+00     0.0000E+00     0.0000E+00     0.0000E+00     0.0000E+00     0.0000E+00     0.0000E+00     0.0000E+00     0.0000E+00     0.0000E+00     0.0000E+00     0.0000E+00
     -3001     0.1200E+04     0.8067E-11     0.8069E-11     0.8071E-11     0.8073E-11     0.8075E-11     0.8077E-11     0.8079E-11     0.8081E-11     0.8083E-11     0.8084E-11     0.8084E-11     0.8085E-11     0.8085E-11     0.8085E-11     0.8086E-11
     -1001     0.3600E+04     0.1427E-08     0.8935E-09     0.8964E-09     0.9298E-09     0.9376E-09     0.9468E-09     0.9205E-09     0.9423E-09     0.9312E-09     0.9085E-09     0.8534E-09     0.8895E-09     0.9431E-09     0.8911E-09     0.8765E-09
     -2001     0.3600E+04     0.0000E+00     0.0000E+00     0.0000E+00     0.0000E+00     0.0000E+00     0.0000E+00     0.0000E+00     0.0000E+00     0.0000E+00     0.0000E+00     0.0000E+00     0.0000E+00     0.0000E+00     0.0000E+00     0.0000E+00
     -3001     0.3600E+04     0.7400E-11     0.7401E-11     0.7403E-11     0.7405E-11     0.7407E-11     0.7410E-11     0.7411E-11     0.7414E-11     0.7415E-11     0.7417E-11     0.7417E-11     0.7418E-11     0.7418E-11     0.7418E-11     0.7418E-11
     -1001     0.2160E+05     0.1785E-08     0.1593E-08     0.1595E-08     0.1612E-08     0.1615E-08     0.1620E-08     0.1607E-08     0.1618E-08     0.1612E-08     0.1601E-08     0.1572E-08     0.1591E-08     0.1618E-08     0.1592E-08     0.1584E-08
     -2001     0.2160E+05     0.0000E+00     0.0000E+00     0.0000E+00     0.0000E+00     0.0000E+00     0.0000E+00     0.0000E+00     0.0000E+00     0.0000E+00     0.0000E+00     0.0000E+00     0.0000E+00     0.0000E+00     0.0000E+00     0.0000E+00
     -3001     0.2160E+05     0.5744E-11     0.5744E-11     0.5744E-11     0.5744E-11     0.5744E-11     0.5744E-11     0.5744E-11     0.5744E-11     0.5744E-11     0.5744E-11     0.5744E-11     0.5744E-11     0.5744E-11     0.5744E-11     0.5744E-11
     -1001     0.4320E+05     0.1263E-06     0.1212E-06     0.1214E-06     0.1200E-06     0.1233E-06     0.1201E-06     0.1334E-06     0.1297E-06     0.1331E-06     0.1377E-06     0.1600E-06     0.1281E-06     0.1653E-06     0.1372E-06     0.1314E-06
     -2001     0.4320E+05     0.0000E+00     0.0000E+00     0.0000E+00     0.0000E+00     0.0000E+00     0.0000E+00     0.0000E+00     0.0000E+00     0.0000E+00     0.0000E+00     0.0000E+00     0.0000E+00     0.0000E+00     0.0000E+00     0.0000E+00
     -3001     0.4320E+05     0.4083E-09     0.3992E-09     0.3995E-09     0.3945E-09     0.4043E-09     0.3941E-09     0.4352E-09     0.4234E-09     0.4338E-09     0.4480E-09     0.5178E-09     0.4190E-09     0.5319E-09     0.4468E-09     0.4293E-09
     -1001     0.6480E+05     0.7487E-08     0.7262E-08     0.7264E-08     0.7286E-08     0.7291E-08     0.7298E-08     0.7281E-08     0.7296E-08     0.7290E-08     0.7275E-08     0.7236E-08     0.7264E-08     0.7297E-08     0.7264E-08     0.7260E-08
     -2001     0.6480E+05     0.0000E+00     0.0000E+00     0.0000E+00     0.0000E+00     0.0000E+00     0.0000E+00     0.0000E+00     0.0000E+00     0.0000E+00     0.0000E+00     0.0000E+00     0.0000E+00     0.0000E+00     0.0000E+00     0.0000E+00
     -3001     0.6480E+05     0.2580E-10     0.2580E-10     0.2580E-10     0.2579E-10     0.2579E-10     0.2578E-10     0.2578E-10     0.2578E-10     0.2577E-10     0.2577E-10     0.2577E-10     0.2577E-10     0.2577E-10     0.2577E-10     0.2577E-10
     -1001     0.8640E+05     0.0000E+00     0.0000E+00     0.0000E+00     0.0000E+00     0.0000E+00     0.0000E+00     0.0000E+00     0.0000E+00     0.0000E+00     0.0000E+00     0.0000E+00     0.0000E+00     0.0000E+00     0.0000E+00     0.0000E+00
     -2001     0.8640E+05     0.0000E+00     0.0000E+00     0.0000E+00     0.0000E+00     0.0000E+00     0.0000E+00     0.0000E+00     0.0000E+00     0.0000E+00     0.0000E+00     0.0000E+00     0.0000E+00     0.0000E+00     0.0000E+00     0.0000E+00
     -3001     0.8640E+05    -0.4657E-09    -0.3231E-09    -0.3229E-09    -0.3314E-09    -0.3320E-09    -0.3332E-09    -0.3241E-09    -0.3289E-09    -0.3244E-09    -0.3167E-09    -0.2998E-09    -0.3110E-09    -0.3257E-09    -0.3109E-09    -0.3087E-09
     -1001     0.1080E+06     0.1596E-08     0.1435E-08     0.1437E-08     0.1451E-08     0.1454E-08     0.1458E-08     0.1447E-08     0.1456E-08     0.1452E-08     0.1442E-08     0.1416E-08     0.1434E-08     0.1456E-08     0.1434E-08     0.1431E-08
     -2001     0.1080E+06     0.0000E+00     0.0000E+00     0.0000E+00     0.0000E+00     0.0000E+00     0.0000E+00     0.0000E+00     0.0000E+00     0.0000E+00     0.0000E+00     0.0000E+00     0.0000E+00     0.0000E+00     0.0000E+00     0.0000E+00
     -3001     0.1080E+06     0.6555E-11     0.6555E-11     0.6555E-11     0.6555E-11     0.6556E-11     0.6556E-11     0.6556E-11     0.6556E-11     0.6556E-11     0.6557E-11     0.6557E-11     0.6557E-11     0.6557E-11     0.6557E-11     0.6557E-11
     -1001     0.1296E+06     0.5321E-07     0.4968E-07     0.4980E-07     0.4866E-07     0.5118E-07     0.4873E-07     0.5843E-07     0.5582E-07     0.5824E-07     0.6151E-07     0.7691E-07     0.5463E-07     0.8079E-07     0.6115E-07     0.5705E-07
     -2001     0.1296E+06     0.0000E+00     0.0000E+00     0.0000E+00     0.0000E+00     0.0000E+00     0.0000E+00     0.0000E+00     0.0000E+00     0.0000E+00     0.0000E+00     0.0000E+00     0.0000E+00     0.0000E+00     0.0000E+00     0.0000E+00
     -3001     0.1296E+06     0.9598E-10     0.9272E-10     0.9286E-10     0.9087E-10     0.9468E-10     0.9083E-10     0.1059E-09     0.1017E-09     0.1055E-09     0.1107E-09     0.1466E-09     0.1002E-09     0.1522E-09     0.1102E-09     0.1039E-09
     -1001     0.1512E+06     0.5456E-08     0.5221E-08     0.5223E-08     0.5246E-08     0.5250E-08     0.5257E-08     0.5239E-08     0.5254E-08     0.5246E-08     0.5231E-08     0.5188E-08     0.5219E-08     0.5253E-08     0.5219E-08     0.5219E-08
     -2001     0.1512E+06     0.0000E+00     0.0000E+00     0.0000E+00     0.0000E+00     0.0000E+00     0.0000E+00     0.0000E+00     0.0000E+00     0.0000E+00     0.0000E+00     0.0000E+00     0.0000E+00     0.0000E+00     0.0000E+00     0.0000E+00
     -3001     0.1512E+06     0.1463E-10     0.1462E-10     0.1462E-10     0.1462E-10     0.1462E-10     0.1462E-10     0.1462E-10     0.1461E-10     0.1461E-10     0.1461E-10     0.1461E-10     0.1461E-10     0.1461E-10     0.1461E-10     0.1461E-10
     -1001     0.1728E+06     0.0000E+00     0.0000E+00     0.0000E+00     0.0000E+00     0.0000E+00     0.0000E+00     0.0000E+00     0.0000E+00     0.0000E+00     0.0000E+00     0.0000E+00     0.0000E+00     0.0000E+00     0.0000E+00     0.0000E+00
     -2001     0.1728E+06     0.0000E+00     0.0000E+00     0.0000E+00     0.0000E+00     0.0000E+00     0.0000E+00     0.0000E+00     0.0000E+00     0.0000E+00     0.0000E+00     0.0000E+00     0.0000E+00     0.0000E+00     0.0000E+00     0.0000E+00
     -3001     0.1728E+06    -0.2725E-08    -0.2269E-08    -0.2271E-08    -0.2308E-08    -0.2313E-08    -0.2322E-08    -0.2289E-08    -0.2311E-08    -0.2297E-08    -0.2269E-08    -0.2199E-08    -0.2248E-08    -0.2306E-08    -0.2248E-08    -0.2246E-08
     -1001     0.1944E+06     0.1320E-08     0.1134E-08     0.1136E-08     0.1152E-08     0.1155E-08     0.1159E-08     0.1146E-08     0.1156E-08     0.1151E-08     0.1140E-08     0.1109E-08     0.1131E-08     0.1155E-08     0.1131E-08     0.1130E-08
     -2001     0.1944E+06     0.0000E+00     0.0000E+00     0.0000E+00     0.0000E+00     0.0000E+00     0.0000E+00     0.0000E+00     0.0000E+00     0.0000E+00     0.0000E+00     0.0000E+00     0.0000E+00     0.0000E+00     0.0000E+00     0.0000E+00
     -3001     0.1944E+06     0.4575E-11     0.4575E-11     0.4575E-11     0.4575E-11     0.4575E-11     0.4576E-11     0.4576E-11     0.4576E-11     0.4576E-11     0.4576E-11     0.4576E-11     0.4576E-11     0.4576E-11     0.4576E-11     0.4576E-11
     -1001     0.2160E+06     0.1156E-06     0.1099E-06     0.1100E-06     0.1085E-06     0.1119E-06     0.1086E-06     0.1209E-06     0.1177E-06     0.1206E-06     0.1246E-06     0.1441E-06     0.1160E-06     0.1493E-06     0.1241E-06     0.1190E-06
     -2001     0.2160E+06     0.0000E+00     0.0000E+00     0.0000E+00     0.0000E+00     0.0000E+00     0.0000E+00     0.0000E+00     0.0000E+00     0.0000E+00     0.0000E+00     0.0000E+00     0.0000E+00     0.0000E+00     0.0000E+00     0.0000E+00
     -3001     0.2160E+06     0.1755E-09     0.1716E-09     0.1717E-09     0.1691E-09     0.1738E-09     0.1689E-09     0.1868E-09     0.1818E-09     0.1862E-09     0.1922E-09     0.2212E-09     0.1800E-09     0.2270E-09     0.1916E-09     0.1843E-09
     -1001     0.2376E+06     0.7363E-08     0.6958E-08     0.6962E-08     0.7002E-08     0.7009E-08     0.7022E-08     0.6989E-08     0.7015E-08     0.7002E-08     0.6975E-08     0.6899E-08     0.6955E-08     0.7013E-08     0.6955E-08     0.6961E-08
     -2001     0.2376E+06     0.0000E+00     0.0000E+00     0.0000E+00     0.0000E+00     0.0000E+00     0.0000E+00     0.0000E+00     0.0000E+00     0.0000E+00     0.0000E+00     0.0000E+00     0.0000E+00     0.0000E+00     0.0000E+00     0.0000E+00
     -3001     0.2376E+06     0.1904E-10     0.1903E-10     0.1903E-10     0.1903E-10     0.1903E-10     0.1903E-10     0.1903E-10     0.1903E-10     0.1902E-10     0.1902E-10     0.1902E-10     0.1902E-10     0.1902E-10     0.1902E-10     0.1902E-10
     -1001     0.2592E+06     0.7575E-09     0.4331E-09     0.4348E-09     0.4551E-09     0.4588E-09     0.4655E-09     0.4479E-09     0.4615E-09     0.4548E-09     0.4410E-09     0.4060E-09     0.4313E-09     0.4605E-09     0.4309E-09     0.4340E-09
     -2001     0.2592E+06     0.0000E+00     0.0000E+00     0.0000E+00     0.0000E+00     0.0000E+00     0.0000E+00     0.0000E+00     0.0000E+00     0.0000E+00     0.0000E+00     0.0000E+00     0.0000E+00     0.0000E+00     0.0000E+00     0.0000E+00
     -3001     0.2592E+06     0.5114E-11     0.5116E-11     0.5117E-11     0.5119E-11     0.5121E-11     0.5123E-11     0.5124E-11     0.5126E-11     0.5128E-11     0.5129E-11     0.5130E-11     0.5130E-11     0.5130E-11     0.5130E-11     0.5131E-11
     -1001     0.2808E+06     0.2243E-08     0.1784E-08     0.1787E-08     0.1825E-08     0.1831E-08     0.1842E-08     0.1808E-08     0.1833E-08     0.1819E-08     0.1792E-08     0.1721E-08     0.1773E-08     0.1829E-08     0.1772E-08     0.1777E-08
     -2001     0.2808E+06     0.0000E+00     0.0000E+00     0.0000E+00     0.0000E+00     0.0000E+00     0.0000E+00     0.0000E+00     0.0000E+00     0.0000E+00     0.0000E+00     0.0000E+00     0.0000E+00     0.0000E+00     0.0000E+00     0.0000E+00
     -3001     0.2808E+06     0.7828E-11     0.7828E-11     0.7828E-11     0.7828E-11     0.7829E-11     0.7829E-11     0.7829E-11     0.7830E-11     0.7830E-11     0.7830E-11     0.7830E-11     0.7830E-11     0.7830E-11     0.7830E-11     0.7830E-11
     -1001     0.3024E+06     0.9681E-07     0.9099E-07     0.9114E-07     0.8937E-07     0.9305E-07     0.8949E-07     0.1023E-06     0.9901E-07     0.1021E-06     0.1062E-06     0.1263E-06     0.9725E-07     0.1318E-06     0.1056E-06     0.1005E-06
     -2001     0.3024E+06     0.0000E+00     0.0000E+00     0.0000E+00     0.0000E+00     0.0000E+00     0.0000E+00     0.0000E+00     0.0000E+00     0.0000E+00     0.0000E+00     0.0000E+00     0.0000E+00     0.0000E+00     0.0000E+00     0.0000E+00
     -3001     0.3024E+06     0.1318E-09     0.1284E-09     0.1285E-09     0.1259E-09     0.1304E-09     0.1258E-09     0.1421E-09     0.1377E-09     0.1416E-09     0.1469E-09     0.1731E-09     0.1360E-09     0.1784E-09     0.1465E-09     0.1399E-09
     -1001     0.3240E+06     0.8340E-08     0.7804E-08     0.7809E-08     0.7863E-08     0.7871E-08     0.7888E-08     0.7842E-08     0.7877E-08     0.7860E-08     0.7823E-08     0.7717E-08     0.7798E-08     0.7872E-08     0.7795E-08     0.7820E-08
     -2001     0.3240E+06     0.0000E+00     0.0000E+00     0.0000E+00     0.0000E+00     0.0000E+00     0.0000E+00     0.0000E+00     0.0000E+00     0.0000E+00     0.0000E+00     0.0000E+00     0.0000E+00     0.0000E+00     0.0000E+00     0.0000E+00
     -3001     0.3240E+06     0.2030E-10     0.2030E-10     0.2030E-10     0.2030E-10     0.2029E-10     0.2029E-10     0.2029E-10     0.2029E-10     0.2029E-10     0.2029E-10     0.2029E-10     0.2029E-10     0.2029E-10     0.2029E-10     0.2029E-10
     -1001     0.3456E+06     0.0000E+00     0.0000E+00     0.0000E+00     0.0000E+00     0.0000E+00     0.0000E+00     0.0000E+00     0.0000E+00     0.0000E+00     0.0000E+00     0.0000E+00     0.0000E+00     0.0000E+00     0.0000E+00     0.0000E+00
     -2001     0.3456E+06     0.0000E+00     0.0000E+00     0.0000E+00     0.0000E+00     0.0000E+00     0.0000E+00     0.0000E+00     0.0000E+00     0.0000E+00     0.0000E+00     0.0000E+00     0.0000E+00     0.0000E+00     0.0000E+00     0.0000E+00
     -3001     0.3456E+06    -0.2422E-08    -0.1631E-08    -0.1634E-08    -0.1689E-08    -0.1695E-08    -0.1712E-08    -0.1657E-08    -0.1693E-08    -0.1671E-08    -0.1629E-08    -0.1522E-08    -0.1602E-08    -0.1681E-08    -0.1598E-08    -0.1623E-08
     -1001     0.3672E+06     0.5684E-09     0.4582E-09     0.4589E-09     0.4685E-09     0.4698E-09     0.4728E-09     0.4640E-09     0.4703E-09     0.4670E-09     0.4602E-09     0.4416E-09     0.4557E-09     0.4690E-09     0.4551E-09     0.4592E-09
     -2001     0.3672E+06     0.0000E+00     0.0000E+00     0.0000E+00     0.0000E+00     0.0000E+00     0.0000E+00     0.0000E+00     0.0000E+00     0.0000E+00     0.0000E+00     0.0000E+00     0.0000E+00     0.0000E+00     0.0000E+00     0.0000E+00
     -3001     0.3672E+06     0.1854E-11     0.1854E-11     0.1854E-11     0.1854E-11     0.1854E-11     0.1855E-11     0.1855E-11     0.1855E-11     0.1855E-11     0.1855E-11     0.1855E-11     0.1855E-11     0.1855E-11     0.1855E-11     0.1855E-11
     -1001     0.3888E+06     0.1035E-06     0.9779E-07     0.9793E-07     0.9611E-07     0.9974E-07     0.9623E-07     0.1083E-06     0.1053E-06     0.1081E-06     0.1118E-06     0.1302E-06     0.1036E-06     0.1353E-06     0.1113E-06     0.1066E-06
     -2001     0.3888E+06     0.0000E+00     0.0000E+00     0.0000E+00     0.0000E+00     0.0000E+00     0.0000E+00     0.0000E+00     0.0000E+00     0.0000E+00     0.0000E+00     0.0000E+00     0.0000E+00     0.0000E+00     0.0000E+00     0.0000E+00
     -3001     0.3888E+06     0.1314E-09     0.1283E-09     0.1284E-09     0.1258E-09     0.1301E-09     0.1257E-09     0.1407E-09     0.1367E-09     0.1402E-09     0.1450E-09     0.1685E-09     0.1352E-09     0.1731E-09     0.1446E-09     0.1387E-09
     -1001     0.4104E+06     0.1605E-07     0.1556E-07     0.1557E-07     0.1561E-07     0.1562E-07     0.1563E-07     0.1558E-07     0.1561E-07     0.1559E-07     0.1555E-07     0.1545E-07     0.1553E-07     0.1560E-07     0.1553E-07     0.1556E-07
     -2001     0.4104E+06     0.0000E+00     0.0000E+00     0.0000E+00     0.0000E+00     0.0000E+00     0.0000E+00     0.0000E+00     0.0000E+00     0.0000E+00     0.0000E+00     0.0000E+00     0.0000E+00     0.0000E+00     0.0000E+00     0.0000E+00
     -3001     0.4104E+06     0.2857E-10     0.2856E-10     0.2855E-10     0.2854E-10     0.2853E-10     0.2851E-10     0.2850E-10     0.2849E-10     0.2848E-10     0.2847E-10     0.2847E-10     0.2847E-10     0.2847E-10     0.2846E-10     0.2846E-10
     -1001     0.4320E+06     0.0000E+00     0.0000E+00     0.0000E+00     0.0000E+00     0.0000E+00     0.0000E+00     0.0000E+00     0.0000E+00     0.0000E+00     0.0000E+00     0.0000E+00     0.0000E+00     0.0000E+00     0.0000E+00     0.0000E+00
     -2001     0.4320E+06     0.0000E+00     0.0000E+00     0.0000E+00     0.0000E+00     0.0000E+00     0.0000E+00     0.0000E+00     0.0000E+00     0.0000E+00     0.0000E+00     0.0000E+00     0.0000E+00     0.0000E+00     0.0000E+00     0.0000E+00
     -3001     0.4320E+06    -0.2406E-08    -0.1674E-08    -0.1677E-08    -0.1732E-08    -0.1736E-08    -0.1754E-08    -0.1698E-08    -0.1733E-08    -0.1712E-08    -0.1670E-08    -0.1561E-08    -0.1645E-08    -0.1719E-08    -0.1640E-08    -0.1680E-08
     -1001     0.4536E+06     0.1084E-08     0.9157E-09     0.9169E-09     0.9326E-09     0.9343E-09     0.9396E-09     0.9246E-09     0.9350E-09     0.9295E-09     0.9183E-09     0.8864E-09     0.9114E-09     0.9323E-09     0.9099E-09     0.9212E-09
     -2001     0.4536E+06     0.0000E+00     0.0000E+00     0.0000E+00     0.0000E+00     0.0000E+00     0.0000E+00     0.0000E+00     0.0000E+00     0.0000E+00     0.0000E+00     0.0000E+00     0.0000E+00     0.0000E+00     0.0000E+00     0.0000E+00
     -3001     0.4536E+06     0.3664E-11     0.3664E-11     0.3665E-11     0.3665E-11     0.3665E-11     0.3665E-11     0.3665E-11     0.3665E-11     0.3665E-11     0.3665E-11     0.3665E-11     0.3665E-11     0.3665E-11     0.3665E-11     0.3665E-11
     -1001     0.4752E+06     0.6430E-07     0.6046E-07     0.6057E-07     0.5872E-07     0.6202E-07     0.5879E-07     0.6945E-07     0.6680E-07     0.6928E-07     0.7259E-07     0.8866E-07     0.6553E-07     0.9270E-07     0.7220E-07     0.6817E-07
     -2001     0.4752E+06     0.0000E+00     0.0000E+00     0.0000E+00     0.0000E+00     0.0000E+00     0.0000E+00     0.0000E+00     0.0000E+00     0.0000E+00     0.0000E+00     0.0000E+00     0.0000E+00     0.0000E+00     0.0000E+00     0.0000E+00
     -3001     0.4752E+06     0.1015E-09     0.9831E-10     0.9843E-10     0.9542E-10     0.1002E-09     0.9536E-10     0.1112E-09     0.1071E-09     0.1108E-09     0.1159E-09     0.1403E-09     0.1056E-09     0.1451E-09     0.1155E-09     0.1093E-09
     -1001     0.4968E+06     0.6846E-08     0.6380E-08     0.6384E-08     0.6432E-08     0.6438E-08     0.6455E-08     0.6409E-08     0.6441E-08     0.6425E-08     0.6391E-08     0.6288E-08     0.6371E-08     0.6433E-08     0.6365E-08     0.6410E-08
     -2001     0.4968E+06     0.0000E+00     0.0000E+00     0.0000E+00     0.0000E+00     0.0000E+00     0.0000E+00     0.0000E+00     0.0000E+00     0.0000E+00     0.0000E+00     0.0000E+00     0.0000E+00     0.0000E+00     0.0000E+00     0.0000E+00
     -3001     0.4968E+06     0.1541E-10     0.1541E-10     0.1541E-10     0.1540E-10     0.1540E-10     0.1540E-10     0.1540E-10     0.1540E-10     0.1540E-10     0.1540E-10     0.1540E-10     0.1540E-10     0.1540E-10     0.1540E-10     0.1540E-10
     -1001     0.5184E+06     0.0000E+00     0.0000E+00     0.0000E+00     0.0000E+00     0.0000E+00     0.0000E+00     0.0000E+00     0.0000E+00     0.0000E+00     0.0000E+00     0.0000E+00     0.0000E+00     0.0000E+00     0.0000E+00     0.0000E+00
     -2001     0.5184E+06     0.0000E+00     0.0000E+00     0.0000E+00     0.0000E+00     0.0000E+00     0.0000E+00     0.0000E+00     0.0000E+00     0.0000E+00     0.0000E+00     0.0000E+00     0.0000E+00     0.0000E+00     0.0000E+00     0.0000E+00
     -3001     0.5184E+06    -0.4263E-09    -0.2300E-09    -0.2302E-09    -0.2415E-09    -0.2418E-09    -0.2453E-09    -0.2323E-09    -0.2395E-09    -0.2344E-09    -0.2252E-09    -0.2026E-09    -0.2201E-09    -0.2352E-09    -0.2186E-09    -0.2289E-09
     -1001     0.5400E+06     0.1933E-08     0.1666E-08     0.1668E-08     0.1694E-08     0.1697E-08     0.1706E-08     0.1681E-08     0.1698E-08     0.1689E-08     0.1670E-08     0.1616E-08     0.1660E-08     0.1693E-08     0.1657E-08     0.1680E-08
     -2001     0.5400E+06     0.0000E+00     0.0000E+00     0.0000E+00     0.0000E+00     0.0000E+00     0.0000E+00     0.0000E+00     0.0000E+00     0.0000E+00     0.0000E+00     0.0000E+00     0.0000E+00     0.0000E+00     0.0000E+00     0.0000E+00
     -3001     0.5400E+06     0.7556E-11     0.7556E-11     0.7556E-11     0.7557E-11     0.7557E-11     0.7557E-11     0.7557E-11     0.7557E-11     0.7558E-11     0.7558E-11     0.7558E-11     0.7558E-11     0.7558E-11     0.7558E-11     0.7558E-11
     -1001     0.5616E+06     0.1191E-06     0.1140E-06     0.1142E-06     0.1115E-06     0.1161E-06     0.1116E-06     0.1260E-06     0.1225E-06     0.1258E-06     0.1301E-06     0.1513E-06     0.1208E-06     0.1565E-06     0.1296E-06     0.1243E-06
     -2001     0.5616E+06     0.0000E+00     0.0000E+00     0.0000E+00     0.0000E+00     0.0000E+00     0.0000E+00     0.0000E+00     0.0000E+00     0.0000E+00     0.0000E+00     0.0000E+00     0.0000E+00     0.0000E+00     0.0000E+00     0.0000E+00
     -3001     0.5616E+06     0.3302E-09     0.3226E-09     0.3228E-09     0.3149E-09     0.3270E-09     0.3147E-09     0.3530E-09     0.3432E-09     0.3519E-09     0.3638E-09     0.4211E-09     0.3395E-09     0.4322E-09     0.3628E-09     0.3482E-09
     -1001     0.5832E+06     0.1092E-07     0.1030E-07     0.1031E-07     0.1038E-07     0.1038E-07     0.1041E-07     0.1034E-07     0.1039E-07     0.1037E-07     0.1032E-07     0.1018E-07     0.1030E-07     0.1038E-07     0.1029E-07     0.1037E-07
     -2001     0.5832E+06     0.0000E+00     0.0000E+00     0.0000E+00     0.0000E+00     0.0000E+00     0.0000E+00     0.0000E+00     0.0000E+00     0.0000E+00     0.0000E+00     0.0000E+00     0.0000E+00     0.0000E+00     0.0000E+00     0.0000E+00
     -3001     0.5832E+06     0.3469E-10     0.3469E-10     0.3469E-10     0.3469E-10     0.3469E-10     0.3469E-10     0.3469E-10     0.3468E-10     0.3468E-10     0.3468E-10     0.3468E-10     0.3468E-10     0.3468E-10     0.3468E-10     0.3468E-10
     -1001     0.6048E+06     0.0000E+00     0.0000E+00     0.0000E+00     0.0000E+00     0.0000E+00     0.0000E+00     0.0000E+00     0.0000E+00     0.0000E+00     0.0000E+00     0.0000E+00     0.0000E+00     0.0000E+00     0.0000E+00     0.0000E+00
     -2001     0.6048E+06     0.0000E+00     0.0000E+00     0.0000E+00     0.0000E+00     0.0000E+00     0.0000E+00     0.0000E+00     0.0000E+00     0.0000E+00     0.0000E+00     0.0000E+00     0.0000E+00     0.0000E+00     0.0000E+00     0.0000E+00
     -3001     0.6048E+06    -0.6000E-09    -0.3997E-09    -0.3998E-09    -0.4141E-09    -0.4140E-09    -0.4184E-09    -0.4014E-09    -0.4105E-09    -0.4038E-09    -0.3919E-09    -0.3610E-09    -0.3858E-09    -0.4041E-09    -0.3833E-09    -0.4015E-09
     -1001     0.6264E+06     0.2797E-08     0.2346E-08     0.2349E-08     0.2393E-08     0.2396E-08     0.2412E-08     0.2367E-08     0.2397E-08     0.2381E-08     0.2349E-08     0.2256E-08     0.2333E-08     0.2386E-08     0.2326E-08     0.2380E-08
     -2001     0.6264E+06     0.0000E+00     0.0000E+00     0.0000E+00     0.0000E+00     0.0000E+00     0.0000E+00     0.0000E+00     0.0000E+00     0.0000E+00     0.0000E+00     0.0000E+00     0.0000E+00     0.0000E+00     0.0000E+00     0.0000E+00
     -3001     0.6264E+06     0.9156E-11     0.9156E-11     0.9156E-11     0.9157E-11     0.9157E-11     0.9157E-11     0.9157E-11     0.9157E-11     0.9158E-11     0.9158E-11     0.9158E-11     0.9158E-11     0.9158E-11     0.9158E-11     0.9158E-11
     -1001     0.6480E+06     0.1114E-06     0.1062E-06     0.1064E-06     0.1039E-06     0.1081E-06     0.1040E-06     0.1164E-06     0.1135E-06     0.1163E-06     0.1199E-06     0.1375E-06     0.1119E-06     0.1422E-06     0.1194E-06     0.1151E-06
     -2001     0.6480E+06     0.0000E+00     0.0000E+00     0.0000E+00     0.0000E+00     0.0000E+00     0.0000E+00     0.0000E+00     0.0000E+00     0.0000E+00     0.0000E+00     0.0000E+00     0.0000E+00     0.0000E+00     0.0000E+00     0.0000E+00
     -3001     0.6480E+06     0.1861E-09     0.1821E-09     0.1823E-09     0.1778E-09     0.1844E-09     0.1776E-09     0.1979E-09     0.1929E-09     0.1974E-09     0.2035E-09     0.2331E-09     0.1909E-09     0.2387E-09     0.2030E-09     0.1954E-09
     -1001     0.6696E+06     0.1204E-07     0.1150E-07     0.1151E-07     0.1156E-07     0.1157E-07     0.1159E-07     0.1153E-07     0.1157E-07     0.1154E-07     0.1150E-07     0.1136E-07     0.1148E-07     0.1155E-07     0.1147E-07     0.1156E-07
     -2001     0.6696E+06     0.0000E+00     0.0000E+00     0.0000E+00     0.0000E+00     0.0000E+00     0.0000E+00     0.0000E+00     0.0000E+00     0.0000E+00     0.0000E+00     0.0000E+00     0.0000E+00     0.0000E+00     0.0000E+00     0.0000E+00
     -3001     0.6696E+06     0.1985E-10     0.1984E-10     0.1984E-10     0.1984E-10     0.1983E-10     0.1982E-10     0.1982E-10     0.1981E-10     0.1981E-10     0.1981E-10     0.1981E-10     0.1980E-10     0.1980E-10     0.1980E-10     0.1980E-10
     -1001     0.6912E+06     0.2071E-08     0.1201E-08     0.1205E-08     0.1266E-08     0.1270E-08     0.1294E-08     0.1228E-08     0.1270E-08     0.1247E-08     0.1203E-08     0.1081E-08     0.1183E-08     0.1252E-08     0.1172E-08     0.1263E-08
     -2001     0.6912E+06     0.0000E+00     0.0000E+00     0.0000E+00     0.0000E+00     0.0000E+00     0.0000E+00     0.0000E+00     0.0000E+00     0.0000E+00     0.0000E+00     0.0000E+00     0.0000E+00     0.0000E+00     0.0000E+00     0.0000E+00
     -3001     0.6912E+06     0.8792E-11     0.8794E-11     0.8795E-11     0.8797E-11     0.8799E-11     0.8801E-11     0.8803E-11     0.8805E-11     0.8806E-11     0.8808E-11     0.8808E-11     0.8808E-11     0.8809E-11     0.8809E-11     0.8809E-11
     -1001     0.7128E+06     0.0000E+00     0.0000E+00     0.0000E+00     0.0000E+00     0.0000E+00     0.0000E+00     0.0000E+00     0.0000E+00     0.0000E+00     0.0000E+00     0.0000E+00     0.0000E+00     0.0000E+00     0.0000E+00     0.0000E+00
     -2001     0.7128E+06     0.0000E+00     0.0000E+00     0.0000E+00     0.0000E+00     0.0000E+00     0.0000E+00     0.0000E+00     0.0000E+00     0.0000E+00     0.0000E+00     0.0000E+00     0.0000E+00     0.0000E+00     0.0000E+00     0.0000E+00
     -3001     0.7128E+06    -0.4091E-09    -0.3023E-09    -0.3027E-09    -0.3118E-09    -0.3121E-09    -0.3154E-09    -0.3052E-09    -0.3114E-09    -0.3077E-09    -0.3007E-09    -0.2810E-09    -0.2974E-09    -0.3082E-09    -0.2957E-09    -0.3097E-09
     -1001     0.7344E+06     0.3137E-07     0.2853E-07     0.2862E-07     0.2723E-07     0.3004E-07     0.2772E-07     0.3730E-07     0.3491E-07     0.3744E-07     0.4145E-07     0.5838E-07     0.3391E-07     0.6215E-07     0.4109E-07     0.3649E-07
     -2001     0.7344E+06     0.4220E-07     0.4015E-07     0.4025E-07     0.3889E-07     0.4131E-07     0.3889E-07     0.4843E-07     0.4563E-07     0.4805E-07     0.5118E-07     0.6785E-07     0.4461E-07     0.7131E-07     0.5090E-07     0.4705E-07
     -3001     0.7344E+06     0.4857E-10     0.4633E-10     0.4643E-10     0.4493E-10     0.4754E-10     0.4490E-10     0.5520E-10     0.5215E-10     0.5475E-10     0.6355E-10     0.8333E-10     0.5101E-10     0.8741E-10     0.6321E-10     0.5364E-10
     -1001     0.7560E+06     0.4742E-08     0.4354E-08     0.4357E-08     0.4399E-08     0.4401E-08     0.4417E-08     0.4372E-08     0.4401E-08     0.4385E-08     0.4354E-08     0.4257E-08     0.4340E-08     0.4387E-08     0.4332E-08     0.4401E-08
     -2001     0.7560E+06     0.0000E+00     0.0000E+00     0.0000E+00     0.0000E+00     0.0000E+00     0.0000E+00     0.0000E+00     0.0000E+00     0.0000E+00     0.0000E+00     0.0000E+00     0.0000E+00     0.0000E+00     0.0000E+00     0.0000E+00
     -3001     0.7560E+06     0.8893E-11     0.8893E-11     0.8892E-11     0.8891E-11     0.8890E-11     0.8888E-11     0.8888E-11     0.8886E-11     0.8885E-11     0.8885E-11     0.8884E-11     0.8884E-11     0.8884E-11     0.8884E-11     0.8884E-11
     -1001     0.7776E+06     0.0000E+00     0.0000E+00     0.0000E+00     0.0000E+00     0.0000E+00     0.0000E+00     0.0000E+00     0.0000E+00     0.0000E+00     0.0000E+00     0.0000E+00     0.0000E+00     0.0000E+00     0.0000E+00     0.0000E+00
     -2001     0.7776E+06     0.0000E+00     0.0000E+00     0.0000E+00     0.0000E+00     0.0000E+00     0.0000E+00     0.0000E+00     0.0000E+00     0.0000E+00     0.0000E+00     0.0000E+00     0.0000E+00     0.0000E+00     0.0000E+00     0.0000E+00
     -3001     0.7776E+06    -0.1936E-08    -0.1185E-08    -0.1187E-08    -0.1242E-08    -0.1243E-08    -0.1264E-08    -0.1201E-08    -0.1238E-08    -0.1216E-08    -0.1175E-08    -0.1061E-08    -0.1156E-08    -0.1217E-08    -0.1146E-08    -0.1235E-08
     -1001     0.7992E+06     0.2057E-08     0.1401E-08     0.1404E-08     0.1458E-08     0.1460E-08     0.1481E-08     0.1421E-08     0.1458E-08     0.1438E-08     0.1398E-08     0.1283E-08     0.1380E-08     0.1440E-08     0.1369E-08     0.1457E-08
     -2001     0.7992E+06     0.0000E+00     0.0000E+00     0.0000E+00     0.0000E+00     0.0000E+00     0.0000E+00     0.0000E+00     0.0000E+00     0.0000E+00     0.0000E+00     0.0000E+00     0.0000E+00     0.0000E+00     0.0000E+00     0.0000E+00
     -3001     0.7992E+06     0.6255E-11     0.6255E-11     0.6256E-11     0.6256E-11     0.6256E-11     0.6256E-11     0.6256E-11     0.6256E-11     0.6257E-11     0.6257E-11     0.6257E-11     0.6257E-11     0.6257E-11     0.6257E-11     0.6257E-11
     -1001     0.8208E+06     0.1041E-06     0.9813E-07     0.9828E-07     0.9493E-07     0.1003E-06     0.9562E-07     0.1098E-06     0.1065E-06     0.1096E-06     0.1138E-06     0.1338E-06     0.1047E-06     0.1394E-06     0.1132E-06     0.1085E-06
     -2001     0.8208E+06     0.0000E+00     0.0000E+00     0.0000E+00     0.0000E+00     0.0000E+00     0.0000E+00     0.0000E+00     0.0000E+00     0.0000E+00     0.0000E+00     0.0000E+00     0.0000E+00     0.0000E+00     0.0000E+00     0.0000E+00
     -3001     0.8208E+06     0.1604E-09     0.1562E-09     0.1564E-09     0.1509E-09     0.1586E-09     0.1516E-09     0.1727E-09     0.1675E-09     0.1722E-09     0.1786E-09     0.2094E-09     0.1655E-09     0.2152E-09     0.1781E-09     0.1702E-09
     -1001     0.8424E+06     0.5694E-08     0.5394E-08     0.5397E-08     0.5431E-08     0.5432E-08     0.5445E-08     0.5408E-08     0.5432E-08     0.5420E-08     0.5394E-08     0.5313E-08     0.5384E-08     0.5421E-08     0.5376E-08     0.5439E-08
     -2001     0.8424E+06     0.0000E+00     0.0000E+00     0.0000E+00     0.0000E+00     0.0000E+00     0.0000E+00     0.0000E+00     0.0000E+00     0.0000E+00     0.0000E+00     0.0000E+00     0.0000E+00     0.0000E+00     0.0000E+00     0.0000E+00
     -3001     0.8424E+06     0.1328E-10     0.1328E-10     0.1328E-10     0.1327E-10     0.1327E-10     0.1327E-10     0.1327E-10     0.1327E-10     0.1326E-10     0.1326E-10     0.1326E-10     0.1326E-10     0.1326E-10     0.1326E-10     0.1326E-10
     -1001     0.8640E+06     0.0000E+00     0.0000E+00     0.0000E+00     0.0000E+00     0.0000E+00     0.0000E+00     0.0000E+00     0.0000E+00     0.0000E+00     0.0000E+00     0.0000E+00     0.0000E+00     0.0000E+00     0.0000E+00     0.0000E+00
     -2001     0.8640E+06     0.0000E+00     0.0000E+00     0.0000E+00     0.0000E+00     0.0000E+00     0.0000E+00     0.0000E+00     0.0000E+00     0.0000E+00     0.0000E+00     0.0000E+00     0.0000E+00     0.0000E+00     0.0000E+00     0.0000E+00
     -3001     0.8640E+06    -0.8483E-09    -0.5159E-09    -0.5166E-09    -0.5406E-09    -0.5401E-09    -0.5492E-09    -0.5201E-09    -0.5362E-09    -0.5258E-09    -0.5068E-09    -0.4553E-09    -0.4991E-09    -0.5250E-09    -0.4937E-09    -0.5387E-09
     -1001     0.8856E+06     0.2661E-08     0.2260E-08     0.2263E-08     0.2304E-08     0.2305E-08     0.2322E-08     0.2276E-08     0.2305E-08     0.2290E-08     0.2259E-08     0.2164E-08     0.2246E-08     0.2291E-08     0.2237E-08     0.2314E-08
     -2001     0.8856E+06     0.0000E+00     0.0000E+00     0.0000E+00     0.0000E+00     0.0000E+00     0.0000E+00     0.0000E+00     0.0000E+00     0.0000E+00     0.0000E+00     0.0000E+00     0.0000E+00     0.0000E+00     0.0000E+00     0.0000E+00
     -3001     0.8856E+06     0.7207E-11     0.7207E-11     0.7207E-11     0.7207E-11     0.7207E-11     0.7208E-11     0.7208E-11     0.7208E-11     0.7208E-11     0.7208E-11     0.7208E-11     0.7208E-11     0.7208E-11     0.7208E-11     0.7208E-11
     -1001     0.9072E+06     0.1181E-06     0.1125E-06     0.1127E-06     0.1090E-06     0.1147E-06     0.1100E-06     0.1242E-06     0.1209E-06     0.1240E-06     0.1282E-06     0.1481E-06     0.1191E-06     0.1533E-06     0.1276E-06     0.1229E-06
     -2001     0.9072E+06     0.0000E+00     0.0000E+00     0.0000E+00     0.0000E+00     0.0000E+00     0.0000E+00     0.0000E+00     0.0000E+00     0.0000E+00     0.0000E+00     0.0000E+00     0.0000E+00     0.0000E+00     0.0000E+00     0.0000E+00
     -3001     0.9072E+06     0.2669E-09     0.2609E-09     0.2611E-09     0.2525E-09     0.2644E-09     0.2541E-09     0.2849E-09     0.2773E-09     0.2842E-09     0.2935E-09     0.3379E-09     0.2744E-09     0.3462E-09     0.2927E-09     0.2812E-09
     -1001     0.9288E+06     0.7036E-08     0.6837E-08     0.6839E-08     0.6864E-08     0.6865E-08     0.6876E-08     0.6851E-08     0.6868E-08     0.6860E-08     0.6843E-08     0.6785E-08     0.6837E-08     0.6862E-08     0.6831E-08     0.6881E-08
     -2001     0.9288E+06     0.0000E+00     0.0000E+00     0.0000E+00     0.0000E+00     0.0000E+00     0.0000E+00     0.0000E+00     0.0000E+00     0.0000E+00     0.0000E+00     0.0000E+00     0.0000E+00     0.0000E+00     0.0000E+00     0.0000E+00
     -3001     0.9288E+06     0.3388E-10     0.3387E-10     0.3387E-10     0.3386E-10     0.3386E-10     0.3385E-10     0.3385E-10     0.3385E-10     0.3384E-10     0.3384E-10     0.3384E-10     0.3384E-10     0.3384E-10     0.3384E-10     0.3383E-10
     -1001     0.9504E+06     0.0000E+00     0.0000E+00     0.0000E+00     0.0000E+00     0.0000E+00     0.0000E+00     0.0000E+00     0.0000E+00     0.0000E+00     0.0000E+00     0.0000E+00     0.0000E+00     0.0000E+00     0.0000E+00     0.0000E+00
     -2001     0.9504E+06     0.0000E+00     0.0000E+00     0.0000E+00     0.0000E+00     0.0000E+00     0.0000E+00     0.0000E+00     0.0000E+00     0.0000E+00     0.0000E+00     0.0000E+00     0.0000E+00     0.0000E+00     0.0000E+00     0.0000E+00
     -3001     0.9504E+06    -0.1908E-08    -0.1303E-08    -0.1305E-08    -0.1355E-08    -0.1354E-08    -0.1374E-08    -0.1313E-08    -0.1348E-08    -0.1327E-08    -0.1287E-08    -0.1175E-08    -0.1273E-08    -0.1324E-08    -0.1260E-08    -0.1368E-08
     -1001     0.9720E+06     0.1922E-08     0.1630E-08     0.1632E-08     0.1663E-08     0.1664E-08     0.1677E-08     0.1642E-08     0.1664E-08     0.1652E-08     0.1629E-08     0.1557E-08     0.1621E-08     0.1652E-08     0.1613E-08     0.1678E-08
     -2001     0.9720E+06     0.0000E+00     0.0000E+00     0.0000E+00     0.0000E+00     0.0000E+00     0.0000E+00     0.0000E+00     0.0000E+00     0.0000E+00     0.0000E+00     0.0000E+00     0.0000E+00     0.0000E+00     0.0000E+00     0.0000E+00
     -3001     0.9720E+06     0.7220E-11     0.7220E-11     0.7220E-11     0.7221E-11     0.7221E-11     0.7221E-11     0.7222E-11     0.7222E-11     0.7222E-11     0.7222E-11     0.7223E-11     0.7223E-11     0.7223E-11     0.7223E-11     0.7223E-11
     -1001     0.9936E+06     0.1205E-06     0.1150E-06     0.1152E-06     0.1117E-06     0.1170E-06     0.1128E-06     0.1255E-06     0.1225E-06     0.1253E-06     0.1290E-06     0.1464E-06     0.1209E-06     0.1512E-06     0.1285E-06     0.1245E-06
     -2001     0.9936E+06     0.0000E+00     0.0000E+00     0.0000E+00     0.0000E+00     0.0000E+00     0.0000E+00     0.0000E+00     0.0000E+00     0.0000E+00     0.0000E+00     0.0000E+00     0.0000E+00     0.0000E+00     0.0000E+00     0.0000E+00
     -3001     0.9936E+06     0.2403E-09     0.2354E-09     0.2355E-09     0.2281E-09     0.2382E-09     0.2299E-09     0.2546E-09     0.2484E-09     0.2539E-09     0.2614E-09     0.2965E-09     0.2461E-09     0.3029E-09     0.2607E-09     0.2515E-09
     -1001     0.1015E+07     0.6318E-08     0.6060E-08     0.6062E-08     0.6092E-08     0.6092E-08     0.6106E-08     0.6071E-08     0.6092E-08     0.6081E-08     0.6058E-08     0.5981E-08     0.6050E-08     0.6081E-08     0.6041E-08     0.6113E-08
     -2001     0.1015E+07     0.0000E+00     0.0000E+00     0.0000E+00     0.0000E+00     0.0000E+00     0.0000E+00     0.0000E+00     0.0000E+00     0.0000E+00     0.0000E+00     0.0000E+00     0.0000E+00     0.0000E+00     0.0000E+00     0.0000E+00
     -3001     0.1015E+07     0.1604E-10     0.1604E-10     0.1604E-10     0.1603E-10     0.1603E-10     0.1603E-10     0.1602E-10     0.1602E-10     0.1602E-10     0.1601E-10     0.1601E-10     0.1601E-10     0.1601E-10     0.1601E-10     0.1601E-10
     -1001     0.1037E+07     0.0000E+00     0.0000E+00     0.0000E+00     0.0000E+00     0.0000E+00     0.0000E+00     0.0000E+00     0.0000E+00     0.0000E+00     0.0000E+00     0.0000E+00     0.0000E+00     0.0000E+00     0.0000E+00     0.0000E+00
     -2001     0.1037E+07     0.0000E+00     0.0000E+00     0.0000E+00     0.0000E+00     0.0000E+00     0.0000E+00     0.0000E+00     0.0000E+00     0.0000E+00     0.0000E+00     0.0000E+00     0.0000E+00     0.0000E+00     0.0000E+00     0.0000E+00
     -3001     0.1037E+07    -0.7746E-09    -0.4661E-09    -0.4666E-09    -0.4894E-09    -0.4881E-09    -0.4973E-09    -0.4683E-09    -0.4837E-09    -0.4737E-09    -0.4554E-09    -0.4052E-09    -0.4493E-09    -0.4718E-09    -0.4431E-09    -0.4973E-09
     -1001     0.1058E+07     0.2379E-08     0.1957E-08     0.1960E-08     0.2004E-08     0.2003E-08     0.2022E-08     0.1971E-08     0.2002E-08     0.1986E-08     0.1953E-08     0.1850E-08     0.1942E-08     0.1985E-08     0.1930E-08     0.2032E-08
     -2001     0.1058E+07     0.0000E+00     0.0000E+00     0.0000E+00     0.0000E+00     0.0000E+00     0.0000E+00     0.0000E+00     0.0000E+00     0.0000E+00     0.0000E+00     0.0000E+00     0.0000E+00     0.0000E+00     0.0000E+00     0.0000E+00
     -3001     0.1058E+07     0.8467E-11     0.8468E-11     0.8468E-11     0.8468E-11     0.8468E-11     0.8469E-11     0.8469E-11     0.8469E-11     0.8470E-11     0.8470E-11     0.8470E-11     0.8470E-11     0.8470E-11     0.8470E-11     0.8470E-11
     -1001     0.1080E+07     0.1195E-06     0.1135E-06     0.1137E-06     0.1091E-06     0.1159E-06     0.1107E-06     0.1264E-06     0.1228E-06     0.1263E-06     0.1309E-06     0.1528E-06     0.1209E-06     0.1585E-06     0.1303E-06     0.1252E-06
     -2001     0.1080E+07     0.0000E+00     0.0000E+00     0.0000E+00     0.0000E+00     0.0000E+00     0.0000E+00     0.0000E+00     0.0000E+00     0.0000E+00     0.0000E+00     0.0000E+00     0.0000E+00     0.0000E+00     0.0000E+00     0.0000E+00
     -3001     0.1080E+07     0.3114E-09     0.3037E-09     0.3040E-09     0.2917E-09     0.3082E-09     0.2951E-09     0.3344E-09     0.3247E-09     0.3335E-09     0.3454E-09     0.4017E-09     0.3210E-09     0.4120E-09     0.3443E-09     0.3297E-09
     -1001     0.1102E+07     0.6603E-08     0.6283E-08     0.6286E-08     0.6325E-08     0.6326E-08     0.6343E-08     0.6300E-08     0.6327E-08     0.6314E-08     0.6286E-08     0.6190E-08     0.6277E-08     0.6314E-08     0.6266E-08     0.6360E-08
     -2001     0.1102E+07     0.0000E+00     0.0000E+00     0.0000E+00     0.0000E+00     0.0000E+00     0.0000E+00     0.0000E+00     0.0000E+00     0.0000E+00     0.0000E+00     0.0000E+00     0.0000E+00     0.0000E+00     0.0000E+00     0.0000E+00
     -3001     0.1102E+07     0.2124E-10     0.2124E-10     0.2124E-10     0.2124E-10     0.2124E-10     0.2124E-10     0.2123E-10     0.2123E-10     0.2123E-10     0.2123E-10     0.2123E-10     0.2123E-10     0.2123E-10     0.2123E-10     0.2123E-10
     -1001     0.1123E+07     0.0000E+00     0.0000E+00     0.0000E+00     0.0000E+00     0.0000E+00     0.0000E+00     0.0000E+00     0.0000E+00     0.0000E+00     0.0000E+00     0.0000E+00     0.0000E+00     0.0000E+00     0.0000E+00     0.0000E+00
     -2001     0.1123E+07     0.0000E+00     0.0000E+00     0.0000E+00     0.0000E+00     0.0000E+00     0.0000E+00     0.0000E+00     0.0000E+00     0.0000E+00     0.0000E+00     0.0000E+00     0.0000E+00     0.0000E+00     0.0000E+00     0.0000E+00
     -3001     0.1123E+07    -0.1798E-08    -0.1201E-08    -0.1203E-08    -0.1253E-08    -0.1250E-08    -0.1272E-08    -0.1209E-08    -0.1244E-08    -0.1223E-08    -0.1183E-08    -0.1071E-08    -0.1171E-08    -0.1219E-08    -0.1157E-08    -0.1282E-08
     -1001     0.1145E+07     0.1112E-08     0.9495E-09     0.9507E-09     0.9686E-09     0.9686E-09     0.9765E-09     0.9559E-09     0.9686E-09     0.9622E-09     0.9489E-09     0.9064E-09     0.9448E-09     0.9618E-09     0.9398E-09     0.9831E-09
     -2001     0.1145E+07     0.0000E+00     0.0000E+00     0.0000E+00     0.0000E+00     0.0000E+00     0.0000E+00     0.0000E+00     0.0000E+00     0.0000E+00     0.0000E+00     0.0000E+00     0.0000E+00     0.0000E+00     0.0000E+00     0.0000E+00
     -3001     0.1145E+07     0.5564E-11     0.5565E-11     0.5565E-11     0.5565E-11     0.5566E-11     0.5566E-11     0.5567E-11     0.5567E-11     0.5568E-11     0.5568E-11     0.5568E-11     0.5568E-11     0.5568E-11     0.5568E-11     0.5568E-11
     -1001     0.1166E+07     0.1205E-06     0.1143E-06     0.1145E-06     0.1102E-06     0.1166E-06     0.1118E-06     0.1265E-06     0.1231E-06     0.1264E-06     0.1306E-06     0.1508E-06     0.1212E-06     0.1564E-06     0.1300E-06     0.1255E-06
     -2001     0.1166E+07     0.0000E+00     0.0000E+00     0.0000E+00     0.0000E+00     0.0000E+00     0.0000E+00     0.0000E+00     0.0000E+00     0.0000E+00     0.0000E+00     0.0000E+00     0.0000E+00     0.0000E+00     0.0000E+00     0.0000E+00
     -3001     0.1166E+07     0.2920E-09     0.2853E-09     0.2856E-09     0.2748E-09     0.2893E-09     0.2778E-09     0.3120E-09     0.3036E-09     0.3112E-09     0.3216E-09     0.3702E-09     0.3004E-09     0.3789E-09     0.3206E-09     0.3079E-09
     -1001     0.1188E+07     0.9454E-08     0.9022E-08     0.9027E-08     0.9081E-08     0.9081E-08     0.9106E-08     0.9045E-08     0.9085E-08     0.9067E-08     0.9028E-08     0.8892E-08     0.9017E-08     0.9065E-08     0.9000E-08     0.9142E-08
     -2001     0.1188E+07     0.0000E+00     0.0000E+00     0.0000E+00     0.0000E+00     0.0000E+00     0.0000E+00     0.0000E+00     0.0000E+00     0.0000E+00     0.0000E+00     0.0000E+00     0.0000E+00     0.0000E+00     0.0000E+00     0.0000E+00
     -3001     0.1188E+07     0.3600E-10     0.3600E-10     0.3600E-10     0.3599E-10     0.3599E-10     0.3599E-10     0.3599E-10     0.3598E-10     0.3598E-10     0.3598E-10     0.3598E-10     0.3598E-10     0.3598E-10     0.3598E-10     0.3598E-10
     -1001     0.1210E+07     0.6094E-08     0.3895E-08     0.3905E-08     0.4091E-08     0.4084E-08     0.4170E-08     0.3941E-08     0.4073E-08     0.4001E-08     0.3862E-08     0.3451E-08     0.3824E-08     0.3988E-08     0.3769E-08     0.4273E-08
     -2001     0.1210E+07     0.0000E+00     0.0000E+00     0.0000E+00     0.0000E+00     0.0000E+00     0.0000E+00     0.0000E+00     0.0000E+00     0.0000E+00     0.0000E+00     0.0000E+00     0.0000E+00     0.0000E+00     0.0000E+00     0.0000E+00
     -3001     0.1210E+07     0.2737E-10     0.2737E-10     0.2737E-10     0.2737E-10     0.2738E-10     0.2738E-10     0.2738E-10     0.2739E-10     0.2739E-10     0.2739E-10     0.2739E-10     0.2739E-10     0.2739E-10     0.2739E-10     0.2739E-10
     -1001     0.1231E+07     0.5720E-08     0.4727E-08     0.4733E-08     0.4840E-08     0.4836E-08     0.4884E-08     0.4756E-08     0.4832E-08     0.4792E-08     0.4711E-08     0.4453E-08     0.4689E-08     0.4785E-08     0.4656E-08     0.4943E-08
     -2001     0.1231E+07     0.0000E+00     0.0000E+00     0.0000E+00     0.0000E+00     0.0000E+00     0.0000E+00     0.0000E+00     0.0000E+00     0.0000E+00     0.0000E+00     0.0000E+00     0.0000E+00     0.0000E+00     0.0000E+00     0.0000E+00
     -3001     0.1231E+07     0.2045E-10     0.2045E-10     0.2045E-10     0.2045E-10     0.2045E-10     0.2045E-10     0.2045E-10     0.2045E-10     0.2045E-10     0.2045E-10     0.2045E-10     0.2045E-10     0.2045E-10     0.2045E-10     0.2045E-10
     -1001     0.1253E+07     0.1181E-06     0.1127E-06     0.1128E-06     0.1086E-06     0.1148E-06     0.1101E-06     0.1244E-06     0.1211E-06     0.1242E-06     0.1284E-06     0.1479E-06     0.1193E-06     0.1530E-06     0.1279E-06     0.1234E-06
     -2001     0.1253E+07     0.0000E+00     0.0000E+00     0.0000E+00     0.0000E+00     0.0000E+00     0.0000E+00     0.0000E+00     0.0000E+00     0.0000E+00     0.0000E+00     0.0000E+00     0.0000E+00     0.0000E+00     0.0000E+00     0.0000E+00
     -3001     0.1253E+07     0.3422E-09     0.3343E-09     0.3346E-09     0.3220E-09     0.3389E-09     0.3255E-09     0.3655E-09     0.3556E-09     0.3646E-09     0.3766E-09     0.4331E-09     0.3519E-09     0.4431E-09     0.3756E-09     0.3607E-09
     -1001     0.1274E+07     0.1180E-07     0.1132E-07     0.1133E-07     0.1139E-07     0.1138E-07     0.1141E-07     0.1134E-07     0.1138E-07     0.1136E-07     0.1131E-07     0.1116E-07     0.1130E-07     0.1135E-07     0.1128E-07     0.1145E-07
     -2001     0.1274E+07     0.0000E+00     0.0000E+00     0.0000E+00     0.0000E+00     0.0000E+00     0.0000E+00     0.0000E+00     0.0000E+00     0.0000E+00     0.0000E+00     0.0000E+00     0.0000E+00     0.0000E+00     0.0000E+00     0.0000E+00
     -3001     0.1274E+07     0.2553E-10     0.2553E-10     0.2552E-10     0.2552E-10     0.2551E-10     0.2550E-10     0.2550E-10     0.2549E-10     0.2549E-10     0.2548E-10     0.2548E-10     0.2548E-10     0.2548E-10     0.2548E-10     0.2548E-10
     -1001     0.1296E+07     0.0000E+00     0.0000E+00     0.0000E+00     0.0000E+00     0.0000E+00     0.0000E+00     0.0000E+00     0.0000E+00     0.0000E+00     0.0000E+00     0.0000E+00     0.0000E+00     0.0000E+00     0.0000E+00     0.0000E+00
     -2001     0.1296E+07     0.0000E+00     0.0000E+00     0.0000E+00     0.0000E+00     0.0000E+00     0.0000E+00     0.0000E+00     0.0000E+00     0.0000E+00     0.0000E+00     0.0000E+00     0.0000E+00     0.0000E+00     0.0000E+00     0.0000E+00
     -3001     0.1296E+07    -0.1189E-08    -0.8101E-09    -0.8109E-09    -0.8438E-09    -0.8407E-09    -0.8552E-09    -0.8114E-09    -0.8343E-09    -0.8199E-09    -0.7932E-09    -0.7156E-09    -0.7865E-09    -0.8154E-09    -0.7754E-09    -0.8756E-09
     -1001     0.1318E+07     0.0000E+00     0.0000E+00     0.0000E+00     0.0000E+00     0.0000E+00     0.0000E+00     0.0000E+00     0.0000E+00     0.0000E+00     0.0000E+00     0.0000E+00     0.0000E+00     0.0000E+00     0.0000E+00     0.0000E+00
     -2001     0.1318E+07     0.0000E+00     0.0000E+00     0.0000E+00     0.0000E+00     0.0000E+00     0.0000E+00     0.0000E+00     0.0000E+00     0.0000E+00     0.0000E+00     0.0000E+00     0.0000E+00     0.0000E+00     0.0000E+00     0.0000E+00
     -3001     0.1318E+07    -0.3542E-09    -0.3232E-09    -0.3233E-09    -0.3269E-09    -0.3266E-09    -0.3282E-09    -0.3236E-09    -0.3262E-09    -0.3247E-09    -0.3218E-09    -0.3124E-09    -0.3210E-09    -0.3243E-09    -0.3198E-09    -0.3305E-09
     -1001     0.1339E+07     0.5054E-07     0.4690E-07     0.4701E-07     0.4421E-07     0.4832E-07     0.4521E-07     0.5467E-07     0.5245E-07     0.5457E-07     0.5736E-07     0.7032E-07     0.5131E-07     0.7371E-07     0.5700E-07     0.5405E-07
     -2001     0.1339E+07     0.0000E+00     0.0000E+00     0.0000E+00     0.0000E+00     0.0000E+00     0.0000E+00     0.0000E+00     0.0000E+00     0.0000E+00     0.0000E+00     0.0000E+00     0.0000E+00     0.0000E+00     0.0000E+00     0.0000E+00
     -3001     0.1339E+07     0.6550E-10     0.6310E-10     0.6320E-10     0.5937E-10     0.6457E-10     0.6049E-10     0.7939E-10     0.7607E-10     0.7910E-10     0.8320E-10     0.1023E-09     0.7484E-10     0.1056E-09     0.8285E-10     0.7785E-10
     -1001     0.1361E+07     0.8781E-08     0.8479E-08     0.8480E-08     0.8517E-08     0.8513E-08     0.8528E-08     0.8481E-08     0.8506E-08     0.8490E-08     0.8460E-08     0.8359E-08     0.8452E-08     0.8484E-08     0.8439E-08     0.8550E-08
     -2001     0.1361E+07     0.0000E+00     0.0000E+00     0.0000E+00     0.0000E+00     0.0000E+00     0.0000E+00     0.0000E+00     0.0000E+00     0.0000E+00     0.0000E+00     0.0000E+00     0.0000E+00     0.0000E+00     0.0000E+00     0.0000E+00
     -3001     0.1361E+07     0.1788E-10     0.1787E-10     0.1786E-10     0.1786E-10     0.1785E-10     0.1784E-10     0.1783E-10     0.1782E-10     0.1782E-10     0.1781E-10     0.1781E-10     0.1781E-10     0.1781E-10     0.1781E-10     0.1780E-10
     -1001     0.1382E+07     0.0000E+00     0.0000E+00     0.0000E+00     0.0000E+00     0.0000E+00     0.0000E+00     0.0000E+00     0.0000E+00     0.0000E+00     0.0000E+00     0.0000E+00     0.0000E+00     0.0000E+00     0.0000E+00     0.0000E+00
     -2001     0.1382E+07     0.0000E+00     0.0000E+00     0.0000E+00     0.0000E+00     0.0000E+00     0.0000E+00     0.0000E+00     0.0000E+00     0.0000E+00     0.0000E+00     0.0000E+00     0.0000E+00     0.0000E+00     0.0000E+00     0.0000E+00
     -3001     0.1382E+07    -0.2616E-08    -0.1938E-08    -0.1940E-08    -0.2006E-08    -0.2001E-08    -0.2030E-08    -0.1945E-08    -0.1991E-08    -0.1964E-08    -0.1912E-08    -0.1754E-08    -0.1900E-08    -0.1955E-08    -0.1877E-08    -0.2077E-08
     -1001     0.1404E+07     0.2795E-09     0.1978E-09     0.1983E-09     0.2062E-09     0.2058E-09     0.2097E-09     0.1999E-09     0.2056E-09     0.2026E-09     0.1967E-09     0.1784E-09     0.1954E-09     0.2018E-09     0.1928E-09     0.2164E-09
     -2001     0.1404E+07     0.0000E+00     0.0000E+00     0.0000E+00     0.0000E+00     0.0000E+00     0.0000E+00     0.0000E+00     0.0000E+00     0.0000E+00     0.0000E+00     0.0000E+00     0.0000E+00     0.0000E+00     0.0000E+00     0.0000E+00
     -3001     0.1404E+07     0.1106E-11     0.1107E-11     0.1107E-11     0.1107E-11     0.1107E-11     0.1108E-11     0.1108E-11     0.1108E-11     0.1108E-11     0.1108E-11     0.1108E-11     0.1109E-11     0.1109E-11     0.1109E-11     0.1109E-11
     -1001     0.1426E+07     0.1011E-06     0.9539E-07     0.9552E-07     0.9211E-07     0.9730E-07     0.9341E-07     0.1052E-06     0.1025E-06     0.1051E-06     0.1085E-06     0.1241E-06     0.1008E-06     0.1289E-06     0.1079E-06     0.1048E-06
     -2001     0.1426E+07     0.0000E+00     0.0000E+00     0.0000E+00     0.0000E+00     0.0000E+00     0.0000E+00     0.0000E+00     0.0000E+00     0.0000E+00     0.0000E+00     0.0000E+00     0.0000E+00     0.0000E+00     0.0000E+00     0.0000E+00
     -3001     0.1426E+07     0.1363E-09     0.1331E-09     0.1332E-09     0.1281E-09     0.1349E-09     0.1295E-09     0.1457E-09     0.1417E-09     0.1453E-09     0.1502E-09     0.1729E-09     0.1402E-09     0.1768E-09     0.1498E-09     0.1438E-09
     -1001     0.1447E+07     0.1029E-07     0.9810E-08     0.9813E-08     0.9873E-08     0.9869E-08     0.9897E-08     0.9821E-08     0.9865E-08     0.9841E-08     0.9794E-08     0.9631E-08     0.9784E-08     0.9833E-08     0.9761E-08     0.9949E-08
     -2001     0.1447E+07     0.0000E+00     0.0000E+00     0.0000E+00     0.0000E+00     0.0000E+00     0.0000E+00     0.0000E+00     0.0000E+00     0.0000E+00     0.0000E+00     0.0000E+00     0.0000E+00     0.0000E+00     0.0000E+00     0.0000E+00
     -3001     0.1447E+07     0.2076E-10     0.2076E-10     0.2076E-10     0.2075E-10     0.2075E-10     0.2074E-10     0.2074E-10     0.2073E-10     0.2073E-10     0.2072E-10     0.2072E-10     0.2072E-10     0.2072E-10     0.2072E-10     0.2072E-10
     -1001     0.1469E+07     0.0000E+00     0.0000E+00     0.0000E+00     0.0000E+00     0.0000E+00     0.0000E+00     0.0000E+00     0.0000E+00     0.0000E+00     0.0000E+00     0.0000E+00     0.0000E+00     0.0000E+00     0.0000E+00     0.0000E+00
     -2001     0.1469E+07     0.0000E+00     0.0000E+00     0.0000E+00     0.0000E+00     0.0000E+00     0.0000E+00     0.0000E+00     0.0000E+00     0.0000E+00     0.0000E+00     0.0000E+00     0.0000E+00     0.0000E+00     0.0000E+00     0.0000E+00
     -3001     0.1469E+07    -0.2566E-08    -0.1939E-08    -0.1941E-08    -0.2004E-08    -0.1998E-08    -0.2027E-08    -0.1944E-08    -0.1989E-08    -0.1963E-08    -0.1912E-08    -0.1759E-08    -0.1902E-08    -0.1952E-08    -0.1879E-08    -0.2078E-08
     -1001     0.1490E+07     0.0000E+00     0.0000E+00     0.0000E+00     0.0000E+00     0.0000E+00     0.0000E+00     0.0000E+00     0.0000E+00     0.0000E+00     0.0000E+00     0.0000E+00     0.0000E+00     0.0000E+00     0.0000E+00     0.0000E+00
     -2001     0.1490E+07     0.0000E+00     0.0000E+00     0.0000E+00     0.0000E+00     0.0000E+00     0.0000E+00     0.0000E+00     0.0000E+00     0.0000E+00     0.0000E+00     0.0000E+00     0.0000E+00     0.0000E+00     0.0000E+00     0.0000E+00
     -3001     0.1490E+07    -0.6745E-09    -0.5087E-09    -0.5094E-09    -0.5261E-09    -0.5248E-09    -0.5325E-09    -0.5108E-09    -0.5227E-09    -0.5159E-09    -0.5027E-09    -0.4620E-09    -0.5000E-09    -0.5134E-09    -0.4940E-09    -0.5469E-09
     -1001     0.1512E+07     0.5391E-07     0.5020E-07     0.5031E-07     0.4735E-07     0.5171E-07     0.4842E-07     0.5863E-07     0.5623E-07     0.5853E-07     0.6155E-07     0.7548E-07     0.5500E-07     0.7907E-07     0.6116E-07     0.5800E-07
     -2001     0.1512E+07     0.0000E+00     0.0000E+00     0.0000E+00     0.0000E+00     0.0000E+00     0.0000E+00     0.0000E+00     0.0000E+00     0.0000E+00     0.0000E+00     0.0000E+00     0.0000E+00     0.0000E+00     0.0000E+00     0.0000E+00
     -3001     0.1512E+07     0.8409E-10     0.8097E-10     0.8110E-10     0.7027E-10     0.8288E-10     0.7159E-10     0.9358E-10     0.8965E-10     0.9324E-10     0.9810E-10     0.1205E-09     0.8818E-10     0.1244E-09     0.9768E-10     0.9175E-10
     -1001     0.1534E+07     0.1642E-07     0.1569E-07     0.1570E-07     0.1579E-07     0.1578E-07     0.1582E-07     0.1570E-07     0.1577E-07     0.1573E-07     0.1566E-07     0.1540E-07     0.1564E-07     0.1571E-07     0.1561E-07     0.1590E-07
     -2001     0.1534E+07     0.0000E+00     0.0000E+00     0.0000E+00     0.0000E+00     0.0000E+00     0.0000E+00     0.0000E+00     0.0000E+00     0.0000E+00     0.0000E+00     0.0000E+00     0.0000E+00     0.0000E+00     0.0000E+00     0.0000E+00
     -3001     0.1534E+07     0.2668E-10     0.2668E-10     0.2667E-10     0.2666E-10     0.2665E-10     0.2664E-10     0.2663E-10     0.2662E-10     0.2661E-10     0.2661E-10     0.2661E-10     0.2660E-10     0.2660E-10     0.2660E-10     0.2660E-10
     -1001     0.1555E+07     0.0000E+00     0.0000E+00     0.0000E+00     0.0000E+00     0.0000E+00     0.0000E+00     0.0000E+00     0.0000E+00     0.0000E+00     0.0000E+00     0.0000E+00     0.0000E+00     0.0000E+00     0.0000E+00     0.0000E+00
     -2001     0.1555E+07     0.0000E+00     0.0000E+00     0.0000E+00     0.0000E+00     0.0000E+00     0.0000E+00     0.0000E+00     0.0000E+00     0.0000E+00     0.0000E+00     0.0000E+00     0.0000E+00     0.0000E+00     0.0000E+00     0.0000E+00
     -3001     0.1555E+07    -0.2351E-08    -0.1573E-08    -0.1576E-08    -0.1646E-08    -0.1639E-08    -0.1673E-08    -0.1579E-08    -0.1629E-08    -0.1599E-08    -0.1544E-08    -0.1378E-08    -0.1533E-08    -0.1586E-08    -0.1508E-08    -0.1740E-08
     -1001     0.1577E+07     0.7648E-10     0.5485E-10     0.5506E-10     0.5737E-10     0.5733E-10     0.5854E-10     0.5584E-10     0.5756E-10     0.5682E-10     0.5523E-10     0.5000E-10     0.5496E-10     0.5663E-10     0.5420E-10     0.6133E-10
     -2001     0.1577E+07     0.0000E+00     0.0000E+00     0.0000E+00     0.0000E+00     0.0000E+00     0.0000E+00     0.0000E+00     0.0000E+00     0.0000E+00     0.0000E+00     0.0000E+00     0.0000E+00     0.0000E+00     0.0000E+00     0.0000E+00
     -3001     0.1577E+07     0.6619E-12     0.6622E-12     0.6624E-12     0.6627E-12     0.6629E-12     0.6632E-12     0.6635E-12     0.6638E-12     0.6640E-12     0.6642E-12     0.6642E-12     0.6643E-12     0.6643E-12     0.6644E-12     0.6644E-12
     -1001     0.1598E+07     0.1037E-06     0.9877E-07     0.9891E-07     0.9505E-07     0.1007E-06     0.9642E-07     0.1095E-06     0.1064E-06     0.1093E-06     0.1131E-06     0.1305E-06     0.1048E-06     0.1350E-06     0.1126E-06     0.1088E-06
     -2001     0.1598E+07     0.0000E+00     0.0000E+00     0.0000E+00     0.0000E+00     0.0000E+00     0.0000E+00     0.0000E+00     0.0000E+00     0.0000E+00     0.0000E+00     0.0000E+00     0.0000E+00     0.0000E+00     0.0000E+00     0.0000E+00
     -3001     0.1598E+07     0.2355E-09     0.2297E-09     0.2299E-09     0.2207E-09     0.2331E-09     0.2233E-09     0.2526E-09     0.2453E-09     0.2519E-09     0.2607E-09     0.3011E-09     0.2426E-09     0.3079E-09     0.2599E-09     0.2491E-09
     -1001     0.1620E+07     0.6222E-08     0.5895E-08     0.5898E-08     0.5940E-08     0.5938E-08     0.5958E-08     0.5905E-08     0.5936E-08     0.5920E-08     0.5887E-08     0.5772E-08     0.5882E-08     0.5913E-08     0.5865E-08     0.6005E-08
     -2001     0.1620E+07     0.0000E+00     0.0000E+00     0.0000E+00     0.0000E+00     0.0000E+00     0.0000E+00     0.0000E+00     0.0000E+00     0.0000E+00     0.0000E+00     0.0000E+00     0.0000E+00     0.0000E+00     0.0000E+00     0.0000E+00
     -3001     0.1620E+07     0.1743E-10     0.1743E-10     0.1743E-10     0.1742E-10     0.1742E-10     0.1742E-10     0.1742E-10     0.1741E-10     0.1741E-10     0.1741E-10     0.1741E-10     0.1741E-10     0.1741E-10     0.1741E-10     0.1741E-10
     -1001     0.1642E+07     0.0000E+00     0.0000E+00     0.0000E+00     0.0000E+00     0.0000E+00     0.0000E+00     0.0000E+00     0.0000E+00     0.0000E+00     0.0000E+00     0.0000E+00     0.0000E+00     0.0000E+00     0.0000E+00     0.0000E+00
     -2001     0.1642E+07     0.0000E+00     0.0000E+00     0.0000E+00     0.0000E+00     0.0000E+00     0.0000E+00     0.0000E+00     0.0000E+00     0.0000E+00     0.0000E+00     0.0000E+00     0.0000E+00     0.0000E+00     0.0000E+00     0.0000E+00
     -3001     0.1642E+07    -0.2198E-08    -0.1515E-08    -0.1518E-08    -0.1582E-08    -0.1575E-08    -0.1606E-08    -0.1519E-08    -0.1565E-08    -0.1538E-08    -0.1486E-08    -0.1331E-08    -0.1478E-08    -0.1524E-08    -0.1453E-08    -0.1677E-08
     -1001     0.1663E+07     0.2329E-09     0.1753E-09     0.1757E-09     0.1819E-09     0.1815E-09     0.1846E-09     0.1767E-09     0.1812E-09     0.1789E-09     0.1743E-09     0.1594E-09     0.1736E-09     0.1780E-09     0.1713E-09     0.1920E-09
     -2001     0.1663E+07     0.0000E+00     0.0000E+00     0.0000E+00     0.0000E+00     0.0000E+00     0.0000E+00     0.0000E+00     0.0000E+00     0.0000E+00     0.0000E+00     0.0000E+00     0.0000E+00     0.0000E+00     0.0000E+00     0.0000E+00
     -3001     0.1663E+07     0.1115E-11     0.1115E-11     0.1115E-11     0.1116E-11     0.1116E-11     0.1116E-11     0.1116E-11     0.1117E-11     0.1117E-11     0.1117E-11     0.1117E-11     0.1117E-11     0.1117E-11     0.1117E-11     0.1117E-11
     -1001     0.1685E+07     0.7516E-08     0.7208E-08     0.7208E-08     0.7214E-08     0.7262E-08     0.7247E-08     0.7302E-08     0.7317E-08     0.7324E-08     0.7315E-08     0.7267E-08     0.7260E-08     0.7385E-08     0.7291E-08     0.7389E-08
     -2001     0.1685E+07     0.1294E-07     0.1294E-07     0.1293E-07     0.1293E-07     0.1293E-07     0.1292E-07     0.1292E-07     0.1292E-07     0.1291E-07     0.1291E-07     0.1291E-07     0.1291E-07     0.1291E-07     0.1291E-07     0.1291E-07
     -3001     0.1685E+07     0.3796E-10     0.3794E-10     0.3792E-10     0.3789E-10     0.3787E-10     0.3784E-10     0.3782E-10     0.3780E-10     0.3778E-10     0.3776E-10     0.3776E-10     0.3775E-10     0.3775E-10     0.3775E-10     0.3774E-10
     -1001     0.1706E+07     0.1072E-07     0.1012E-07     0.1012E-07     0.1019E-07     0.1018E-07     0.1022E-07     0.1012E-07     0.1017E-07     0.1014E-07     0.1008E-07     0.9860E-08     0.1006E-07     0.1012E-07     0.1003E-07     0.1029E-07
     -2001     0.1706E+07     0.0000E+00     0.0000E+00     0.0000E+00     0.0000E+00     0.0000E+00     0.0000E+00     0.0000E+00     0.0000E+00     0.0000E+00     0.0000E+00     0.0000E+00     0.0000E+00     0.0000E+00     0.0000E+00     0.0000E+00
     -3001     0.1706E+07     0.1432E-10     0.1432E-10     0.1431E-10     0.1430E-10     0.1430E-10     0.1429E-10     0.1429E-10     0.1428E-10     0.1427E-10     0.1427E-10     0.1427E-10     0.1427E-10     0.1427E-10     0.1427E-10     0.1427E-10
     -1001     0.1728E+07     0.0000E+00     0.0000E+00     0.0000E+00     0.0000E+00     0.0000E+00     0.0000E+00     0.0000E+00     0.0000E+00     0.0000E+00     0.0000E+00     0.0000E+00     0.0000E+00     0.0000E+00     0.0000E+00     0.0000E+00
     -2001     0.1728E+07     0.0000E+00     0.0000E+00     0.0000E+00     0.0000E+00     0.0000E+00     0.0000E+00     0.0000E+00     0.0000E+00     0.0000E+00     0.0000E+00     0.0000E+00     0.0000E+00     0.0000E+00     0.0000E+00     0.0000E+00
     -3001     0.1728E+07    -0.1722E-08    -0.8889E-09    -0.8911E-09    -0.9520E-09    -0.9452E-09    -0.9756E-09    -0.8924E-09    -0.9358E-09    -0.9104E-09    -0.8633E-09    -0.7310E-09    -0.8559E-09    -0.8977E-09    -0.8340E-09    -0.1049E-08
     -1001     0.1750E+07     0.8286E-09     0.5552E-09     0.5565E-09     0.5825E-09     0.5801E-09     0.5931E-09     0.5588E-09     0.5776E-09     0.5673E-09     0.5473E-09     0.4863E-09     0.5442E-09     0.5624E-09     0.5345E-09     0.6242E-09
     -2001     0.1750E+07     0.0000E+00     0.0000E+00     0.0000E+00     0.0000E+00     0.0000E+00     0.0000E+00     0.0000E+00     0.0000E+00     0.0000E+00     0.0000E+00     0.0000E+00     0.0000E+00     0.0000E+00     0.0000E+00     0.0000E+00
     -3001     0.1750E+07     0.2928E-11     0.2928E-11     0.2929E-11     0.2929E-11     0.2929E-11     0.2929E-11     0.2930E-11     0.2930E-11     0.2930E-11     0.2930E-11     0.2930E-11     0.2930E-11     0.2930E-11     0.2930E-11     0.2931E-11
     -1001     0.1771E+07     0.1083E-06     0.1019E-06     0.1020E-06     0.9770E-07     0.1042E-06     0.9930E-07     0.1141E-06     0.1108E-06     0.1140E-06     0.1183E-06     0.1378E-06     0.1088E-06     0.1434E-06     0.1177E-06     0.1137E-06
     -2001     0.1771E+07     0.0000E+00     0.0000E+00     0.0000E+00     0.0000E+00     0.0000E+00     0.0000E+00     0.0000E+00     0.0000E+00     0.0000E+00     0.0000E+00     0.0000E+00     0.0000E+00     0.0000E+00     0.0000E+00     0.0000E+00
     -3001     0.1771E+07     0.1917E-09     0.1866E-09     0.1868E-09     0.1788E-09     0.1896E-09     0.1811E-09     0.2067E-09     0.2004E-09     0.2061E-09     0.2138E-09     0.2491E-09     0.1980E-09     0.2549E-09     0.2131E-09     0.2037E-09
     -1001     0.1793E+07     0.1495E-07     0.1420E-07     0.1420E-07     0.1430E-07     0.1429E-07     0.1433E-07     0.1420E-07     0.1427E-07     0.1424E-07     0.1416E-07     0.1388E-07     0.1414E-07     0.1421E-07     0.1410E-07     0.1444E-07
     -2001     0.1793E+07     0.0000E+00     0.0000E+00     0.0000E+00     0.0000E+00     0.0000E+00     0.0000E+00     0.0000E+00     0.0000E+00     0.0000E+00     0.0000E+00     0.0000E+00     0.0000E+00     0.0000E+00     0.0000E+00     0.0000E+00
     -3001     0.1793E+07     0.2466E-10     0.2465E-10     0.2465E-10     0.2464E-10     0.2463E-10     0.2462E-10     0.2462E-10     0.2461E-10     0.2460E-10     0.2460E-10     0.2460E-10     0.2460E-10     0.2459E-10     0.2459E-10     0.2459E-10
     -1001     0.1814E+07     0.0000E+00     0.0000E+00     0.0000E+00     0.0000E+00     0.0000E+00     0.0000E+00     0.0000E+00     0.0000E+00     0.0000E+00     0.0000E+00     0.0000E+00     0.0000E+00     0.0000E+00     0.0000E+00     0.0000E+00
     -2001     0.1814E+07     0.0000E+00     0.0000E+00     0.0000E+00     0.0000E+00     0.0000E+00     0.0000E+00     0.0000E+00     0.0000E+00     0.0000E+00     0.0000E+00     0.0000E+00     0.0000E+00     0.0000E+00     0.0000E+00     0.0000E+00
     -3001     0.1814E+07    -0.1385E-08    -0.8030E-09    -0.8045E-09    -0.8519E-09    -0.8461E-09    -0.8695E-09    -0.8039E-09    -0.8378E-09    -0.8176E-09    -0.7801E-09    -0.6720E-09    -0.7745E-09    -0.8066E-09    -0.7566E-09    -0.9289E-09
     -1001     0.1836E+07     0.1201E-08     0.7944E-09     0.7962E-09     0.8346E-09     0.8308E-09     0.8501E-09     0.7989E-09     0.8269E-09     0.8115E-09     0.7819E-09     0.6915E-09     0.7776E-09     0.8037E-09     0.7630E-09     0.8994E-09
     -2001     0.1836E+07     0.0000E+00     0.0000E+00     0.0000E+00     0.0000E+00     0.0000E+00     0.0000E+00     0.0000E+00     0.0000E+00     0.0000E+00     0.0000E+00     0.0000E+00     0.0000E+00     0.0000E+00     0.0000E+00     0.0000E+00
     -3001     0.1836E+07     0.3850E-11     0.3851E-11     0.3851E-11     0.3851E-11     0.3851E-11     0.3852E-11     0.3852E-11     0.3852E-11     0.3853E-11     0.3853E-11     0.3853E-11     0.3853E-11     0.3853E-11     0.3853E-11     0.3853E-11
     -1001     0.1858E+07     0.1070E-06     0.1004E-06     0.1006E-06     0.9636E-07     0.1027E-06     0.9794E-07     0.1125E-06     0.1092E-06     0.1124E-06     0.1165E-06     0.1354E-06     0.1072E-06     0.1409E-06     0.1159E-06     0.1121E-06
     -2001     0.1858E+07     0.0000E+00     0.0000E+00     0.0000E+00     0.0000E+00     0.0000E+00     0.0000E+00     0.0000E+00     0.0000E+00     0.0000E+00     0.0000E+00     0.0000E+00     0.0000E+00     0.0000E+00     0.0000E+00     0.0000E+00
     -3001     0.1858E+07     0.1767E-09     0.1721E-09     0.1723E-09     0.1649E-09     0.1749E-09     0.1670E-09     0.1905E-09     0.1847E-09     0.1900E-09     0.1971E-09     0.2293E-09     0.1825E-09     0.2345E-09     0.1964E-09     0.1877E-09
     -1001     0.1879E+07     0.7949E-08     0.7404E-08     0.7408E-08     0.7480E-08     0.7474E-08     0.7510E-08     0.7419E-08     0.7472E-08     0.7445E-08     0.7390E-08     0.7193E-08     0.7383E-08     0.7431E-08     0.7353E-08     0.7602E-08
     -2001     0.1879E+07     0.0000E+00     0.0000E+00     0.0000E+00     0.0000E+00     0.0000E+00     0.0000E+00     0.0000E+00     0.0000E+00     0.0000E+00     0.0000E+00     0.0000E+00     0.0000E+00     0.0000E+00     0.0000E+00     0.0000E+00
     -3001     0.1879E+07     0.2393E-10     0.2393E-10     0.2393E-10     0.2393E-10     0.2392E-10     0.2392E-10     0.2392E-10     0.2392E-10     0.2392E-10     0.2392E-10     0.2392E-10     0.2392E-10     0.2392E-10     0.2392E-10     0.2392E-10
     -1001     0.1901E+07     0.0000E+00     0.0000E+00     0.0000E+00     0.0000E+00     0.0000E+00     0.0000E+00     0.0000E+00     0.0000E+00     0.0000E+00     0.0000E+00     0.0000E+00     0.0000E+00     0.0000E+00     0.0000E+00     0.0000E+00
     -2001     0.1901E+07     0.0000E+00     0.0000E+00     0.0000E+00     0.0000E+00     0.0000E+00     0.0000E+00     0.0000E+00     0.0000E+00     0.0000E+00     0.0000E+00     0.0000E+00     0.0000E+00     0.0000E+00     0.0000E+00     0.0000E+00
     -3001     0.1901E+07    -0.6629E-09    -0.3856E-09    -0.3860E-09    -0.4084E-09    -0.4050E-09    -0.4158E-09    -0.3838E-09    -0.3996E-09    -0.3895E-09    -0.3712E-09    -0.3192E-09    -0.3687E-09    -0.3835E-09    -0.3598E-09    -0.4443E-09
     -1001     0.1922E+07     0.2224E-08     0.1769E-08     0.1772E-08     0.1823E-08     0.1818E-08     0.1844E-08     0.1776E-08     0.1813E-08     0.1793E-08     0.1753E-08     0.1622E-08     0.1748E-08     0.1782E-08     0.1727E-08     0.1910E-08
     -2001     0.1922E+07     0.0000E+00     0.0000E+00     0.0000E+00     0.0000E+00     0.0000E+00     0.0000E+00     0.0000E+00     0.0000E+00     0.0000E+00     0.0000E+00     0.0000E+00     0.0000E+00     0.0000E+00     0.0000E+00     0.0000E+00
     -3001     0.1922E+07     0.7758E-11     0.7758E-11     0.7758E-11     0.7758E-11     0.7758E-11     0.7759E-11     0.7759E-11     0.7759E-11     0.7759E-11     0.7759E-11     0.7759E-11     0.7759E-11     0.7759E-11     0.7759E-11     0.7759E-11
     -1001     0.1944E+07     0.7988E-07     0.7451E-07     0.7465E-07     0.7096E-07     0.7647E-07     0.7231E-07     0.8490E-07     0.8203E-07     0.8482E-07     0.8843E-07     0.1047E-06     0.8035E-07     0.1093E-06     0.8788E-07     0.8455E-07
     -2001     0.1944E+07     0.0000E+00     0.0000E+00     0.0000E+00     0.0000E+00     0.0000E+00     0.0000E+00     0.0000E+00     0.0000E+00     0.0000E+00     0.0000E+00     0.0000E+00     0.0000E+00     0.0000E+00     0.0000E+00     0.0000E+00
     -3001     0.1944E+07     0.1217E-09     0.1181E-09     0.1182E-09     0.1124E-09     0.1203E-09     0.1140E-09     0.1327E-09     0.1281E-09     0.1323E-09     0.1380E-09     0.1635E-09     0.1264E-09     0.1676E-09     0.1375E-09     0.1306E-09
     -1001     0.1966E+07     0.1204E-07     0.1143E-07     0.1144E-07     0.1151E-07     0.1150E-07     0.1154E-07     0.1143E-07     0.1149E-07     0.1146E-07     0.1139E-07     0.1116E-07     0.1138E-07     0.1144E-07     0.1135E-07     0.1164E-07
     -2001     0.1966E+07     0.0000E+00     0.0000E+00     0.0000E+00     0.0000E+00     0.0000E+00     0.0000E+00     0.0000E+00     0.0000E+00     0.0000E+00     0.0000E+00     0.0000E+00     0.0000E+00     0.0000E+00     0.0000E+00     0.0000E+00
     -3001     0.1966E+07     0.1825E-10     0.1825E-10     0.1824E-10     0.1823E-10     0.1823E-10     0.1822E-10     0.1822E-10     0.1821E-10     0.1820E-10     0.1820E-10     0.1820E-10     0.1819E-10     0.1819E-10     0.1819E-10     0.1819E-10
     -1001     0.1987E+07     0.0000E+00     0.0000E+00     0.0000E+00     0.0000E+00     0.0000E+00     0.0000E+00     0.0000E+00     0.0000E+00     0.0000E+00     0.0000E+00     0.0000E+00     0.0000E+00     0.0000E+00     0.0000E+00     0.0000E+00
     -2001     0.1987E+07     0.0000E+00     0.0000E+00     0.0000E+00     0.0000E+00     0.0000E+00     0.0000E+00     0.0000E+00     0.0000E+00     0.0000E+00     0.0000E+00     0.0000E+00     0.0000E+00     0.0000E+00     0.0000E+00     0.0000E+00
     -3001     0.1987E+07    -0.2552E-08    -0.2225E-08    -0.2226E-08    -0.2265E-08    -0.2259E-08    -0.2278E-08    -0.2224E-08    -0.2252E-08    -0.2235E-08    -0.2202E-08    -0.2094E-08    -0.2198E-08    -0.2224E-08    -0.2181E-08    -0.2325E-08
     -1001     0.2009E+07     0.9815E-10     0.6319E-10     0.6348E-10     0.6699E-10     0.6681E-10     0.6874E-10     0.6436E-10     0.6701E-10     0.6583E-10     0.6337E-10     0.5547E-10     0.6314E-10     0.6527E-10     0.6184E-10     0.7448E-10
     -2001     0.2009E+07     0.0000E+00     0.0000E+00     0.0000E+00     0.0000E+00     0.0000E+00     0.0000E+00     0.0000E+00     0.0000E+00     0.0000E+00     0.0000E+00     0.0000E+00     0.0000E+00     0.0000E+00     0.0000E+00     0.0000E+00
     -3001     0.2009E+07     0.1401E-11     0.1402E-11     0.1402E-11     0.1403E-11     0.1403E-11     0.1404E-11     0.1405E-11     0.1406E-11     0.1406E-11     0.1407E-11     0.1407E-11     0.1407E-11     0.1407E-11     0.1407E-11     0.1407E-11
     -1001     0.2030E+07     0.1641E-07     0.1477E-07     0.1483E-07     0.1293E-07     0.1575E-07     0.1366E-07     0.2040E-07     0.1891E-07     0.2051E-07     0.2259E-07     0.3263E-07     0.1830E-07     0.3418E-07     0.2238E-07     0.2004E-07
     -2001     0.2030E+07     0.2718E-07     0.2530E-07     0.2540E-07     0.2240E-07     0.2652E-07     0.2331E-07     0.3307E-07     0.3070E-07     0.3291E-07     0.3589E-07     0.4912E-07     0.2985E-07     0.5123E-07     0.3565E-07     0.3204E-07
     -3001     0.2030E+07     0.4181E-10     0.3905E-10     0.3918E-10     0.3476E-10     0.4079E-10     0.3607E-10     0.5035E-10     0.4686E-10     0.5008E-10     0.5442E-10     0.8006E-10     0.4558E-10     0.8341E-10     0.5406E-10     0.4878E-10
     -1001     0.2052E+07     0.1449E-08     0.1316E-08     0.1318E-08     0.1300E-08     0.1358E-08     0.1327E-08     0.1501E-08     0.1452E-08     0.1504E-08     0.1529E-08     0.1480E-08     0.1419E-08     0.1538E-08     0.1520E-08     0.1518E-08
     -2001     0.2052E+07     0.1714E-08     0.1714E-08     0.1714E-08     0.1715E-08     0.1715E-08     0.1715E-08     0.1715E-08     0.1716E-08     0.1716E-08     0.0000E+00     0.0000E+00     0.1716E-08     0.0000E+00     0.0000E+00     0.1716E-08
     -3001     0.2052E+07     0.4500E-11     0.4500E-11     0.4499E-11     0.4499E-11     0.4498E-11     0.4497E-11     0.4496E-11     0.4496E-11     0.4495E-11     0.4494E-11     0.4494E-11     0.4494E-11     0.4494E-11     0.4494E-11     0.4494E-11
     -1001     0.2074E+07     0.0000E+00     0.0000E+00     0.0000E+00     0.0000E+00     0.0000E+00     0.0000E+00     0.0000E+00     0.0000E+00     0.0000E+00     0.0000E+00     0.0000E+00     0.0000E+00     0.0000E+00     0.0000E+00     0.0000E+00
     -2001     0.2074E+07     0.0000E+00     0.0000E+00     0.0000E+00     0.0000E+00     0.0000E+00     0.0000E+00     0.0000E+00     0.0000E+00     0.0000E+00     0.0000E+00     0.0000E+00     0.0000E+00     0.0000E+00     0.0000E+00     0.0000E+00
     -3001     0.2074E+07    -0.2410E-08    -0.1582E-08    -0.1586E-08    -0.1634E-08    -0.1674E-08    -0.1681E-08    -0.1720E-08    -0.1737E-08    -0.1745E-08    -0.1692E-08    -0.1477E-08    -0.1618E-08    -0.1738E-08    -0.1647E-08    -0.1944E-08
     -1001     0.2095E+07     0.0000E+00     0.0000E+00     0.0000E+00     0.0000E+00     0.0000E+00     0.0000E+00     0.0000E+00     0.0000E+00     0.0000E+00     0.0000E+00     0.0000E+00     0.0000E+00     0.0000E+00     0.0000E+00     0.0000E+00
     -2001     0.2095E+07     0.0000E+00     0.0000E+00     0.0000E+00     0.0000E+00     0.0000E+00     0.0000E+00     0.0000E+00     0.0000E+00     0.0000E+00     0.0000E+00     0.0000E+00     0.0000E+00     0.0000E+00     0.0000E+00     0.0000E+00
     -3001     0.2095E+07    -0.7190E-09    -0.5392E-09    -0.5404E-09    -0.5497E-09    -0.5641E-09    -0.5628E-09    -0.5870E-09    -0.5870E-09    -0.5932E-09    -0.5821E-09    -0.5266E-09    -0.5571E-09    -0.5935E-09    -0.5710E-09    -0.6382E-09
     -1001     0.2117E+07     0.2380E-08     0.2324E-08     0.2323E-08     0.2329E-08     0.2327E-08     0.2329E-08     0.2318E-08     0.2322E-08     0.2318E-08     0.2311E-08     0.2289E-08     0.2310E-08     0.2315E-08     0.2306E-08     0.2333E-08
     -2001     0.2117E+07     0.5212E-08     0.5211E-08     0.5210E-08     0.5208E-08     0.5206E-08     0.5205E-08     0.5203E-08     0.5202E-08     0.5200E-08     0.5199E-08     0.5199E-08     0.5199E-08     0.5198E-08     0.5198E-08     0.5198E-08
     -3001     0.2117E+07     0.2382E-10     0.2381E-10     0.2380E-10     0.2378E-10     0.2377E-10     0.2375E-10     0.2374E-10     0.2372E-10     0.2371E-10     0.2370E-10     0.2370E-10     0.2369E-10     0.2369E-10     0.2369E-10     0.2369E-10
     -1001     0.2138E+07     0.1782E-08     0.1759E-08     0.1758E-08     0.1760E-08     0.1759E-08     0.1759E-08     0.1754E-08     0.1755E-08     0.1753E-08     0.1749E-08     0.1746E-08     0.1749E-08     0.1761E-08     0.1747E-08     0.1758E-08
     -2001     0.2138E+07     0.6840E-08     0.6838E-08     0.6837E-08     0.6835E-08     0.6833E-08     0.6831E-08     0.6830E-08     0.6827E-08     0.6826E-08     0.6824E-08     0.6824E-08     0.6824E-08     0.6824E-08     0.6823E-08     0.6823E-08
     -3001     0.2138E+07     0.2844E-10     0.2842E-10     0.2841E-10     0.2839E-10     0.2837E-10     0.2835E-10     0.2834E-10     0.2832E-10     0.2830E-10     0.2829E-10     0.2829E-10     0.2828E-10     0.2828E-10     0.2828E-10     0.2828E-10
     -1001     0.2160E+07     0.0000E+00     0.0000E+00     0.0000E+00     0.0000E+00     0.0000E+00     0.0000E+00     0.0000E+00     0.0000E+00     0.0000E+00     0.0000E+00     0.0000E+00     0.0000E+00     0.0000E+00     0.0000E+00     0.0000E+00
     -2001     0.2160E+07     0.0000E+00     0.0000E+00     0.0000E+00     0.0000E+00     0.0000E+00     0.0000E+00     0.0000E+00     0.0000E+00     0.0000E+00     0.0000E+00     0.0000E+00     0.0000E+00     0.0000E+00     0.0000E+00     0.0000E+00
     -3001     0.2160E+07    -0.1353E-08    -0.1174E-08    -0.1175E-08    -0.1196E-08    -0.1193E-08    -0.1203E-08    -0.1173E-08    -0.1188E-08    -0.1179E-08    -0.1161E-08    -0.1103E-08    -0.1159E-08    -0.1176E-08    -0.1149E-08    -0.1229E-08
     -1001     0.2182E+07     0.0000E+00     0.0000E+00     0.0000E+00     0.0000E+00     0.0000E+00     0.0000E+00     0.0000E+00     0.0000E+00     0.0000E+00     0.0000E+00     0.0000E+00     0.0000E+00     0.0000E+00     0.0000E+00     0.0000E+00
     -2001     0.2182E+07     0.0000E+00     0.0000E+00     0.0000E+00     0.0000E+00     0.0000E+00     0.0000E+00     0.0000E+00     0.0000E+00     0.0000E+00     0.0000E+00     0.0000E+00     0.0000E+00     0.0000E+00     0.0000E+00     0.0000E+00
     -3001     0.2182E+07    -0.2537E-09    -0.2166E-09    -0.2167E-09    -0.2212E-09    -0.2206E-09    -0.2227E-09    -0.2166E-09    -0.2198E-09    -0.2179E-09    -0.2143E-09    -0.2026E-09    -0.2138E-09    -0.2176E-09    -0.2119E-09    -0.2284E-09
     -1001     0.2203E+07     0.4224E-07     0.3958E-07     0.3966E-07     0.3709E-07     0.4125E-07     0.3840E-07     0.4789E-07     0.4612E-07     0.4839E-07     0.5116E-07     0.6250E-07     0.4533E-07     0.6422E-07     0.5083E-07     0.4789E-07
     -2001     0.2203E+07     0.7628E-07     0.7394E-07     0.7406E-07     0.7030E-07     0.7543E-07     0.7141E-07     0.8351E-07     0.8059E-07     0.8331E-07     0.8696E-07     0.1030E-06     0.7952E-07     0.1055E-06     0.8666E-07     0.8222E-07
     -3001     0.2203E+07     0.9989E-10     0.9689E-10     0.9700E-10     0.9219E-10     0.9867E-10     0.9353E-10     0.1088E-09     0.1051E-09     0.1085E-09     0.1131E-09     0.1334E-09     0.1036E-09     0.1365E-09     0.1127E-09     0.1070E-09
     -1001     0.2225E+07     0.6693E-08     0.6368E-08     0.6370E-08     0.6414E-08     0.6410E-08     0.6431E-08     0.6372E-08     0.6405E-08     0.6387E-08     0.6352E-08     0.6224E-08     0.6348E-08     0.6375E-08     0.6328E-08     0.6489E-08
     -2001     0.2225E+07     0.0000E+00     0.0000E+00     0.0000E+00     0.0000E+00     0.0000E+00     0.0000E+00     0.0000E+00     0.0000E+00     0.0000E+00     0.0000E+00     0.0000E+00     0.0000E+00     0.0000E+00     0.0000E+00     0.0000E+00
     -3001     0.2225E+07     0.1675E-10     0.1675E-10     0.1674E-10     0.1674E-10     0.1674E-10     0.1673E-10     0.1673E-10     0.1672E-10     0.1672E-10     0.1672E-10     0.1672E-10     0.1672E-10     0.1672E-10     0.1672E-10     0.1672E-10
     -1001     0.2246E+07     0.0000E+00     0.0000E+00     0.0000E+00     0.0000E+00     0.0000E+00     0.0000E+00     0.0000E+00     0.0000E+00     0.0000E+00     0.0000E+00     0.0000E+00     0.0000E+00     0.0000E+00     0.0000E+00     0.0000E+00
     -2001     0.2246E+07     0.0000E+00     0.0000E+00     0.0000E+00     0.0000E+00     0.0000E+00     0.0000E+00     0.0000E+00     0.0000E+00     0.0000E+00     0.0000E+00     0.0000E+00     0.0000E+00     0.0000E+00     0.0000E+00     0.0000E+00
     -3001     0.2246E+07    -0.1943E-08    -0.1137E-08    -0.1140E-08    -0.1209E-08    -0.1200E-08    -0.1235E-08    -0.1138E-08    -0.1188E-08    -0.1158E-08    -0.1104E-08    -0.9440E-09    -0.1098E-08    -0.1138E-08    -0.1070E-08    -0.1337E-08
     -1001     0.2268E+07     0.0000E+00     0.0000E+00     0.0000E+00     0.0000E+00     0.0000E+00     0.0000E+00     0.0000E+00     0.0000E+00     0.0000E+00     0.0000E+00     0.0000E+00     0.0000E+00     0.0000E+00     0.0000E+00     0.0000E+00
     -2001     0.2268E+07     0.0000E+00     0.0000E+00     0.0000E+00     0.0000E+00     0.0000E+00     0.0000E+00     0.0000E+00     0.0000E+00     0.0000E+00     0.0000E+00     0.0000E+00     0.0000E+00     0.0000E+00     0.0000E+00     0.0000E+00
     -3001     0.2268E+07    -0.8618E-10    -0.5360E-10    -0.5362E-10    -0.5646E-10    -0.5595E-10    -0.5731E-10    -0.5308E-10    -0.5509E-10    -0.5374E-10    -0.5133E-10    -0.4439E-10    -0.5105E-10    -0.5272E-10    -0.4983E-10    -0.6101E-10
     -1001     0.2290E+07     0.1032E-06     0.9691E-07     0.9707E-07     0.9269E-07     0.9899E-07     0.9402E-07     0.1087E-06     0.1051E-06     0.1084E-06     0.1127E-06     0.1326E-06     0.1030E-06     0.1383E-06     0.1121E-06     0.1081E-06
     -2001     0.2290E+07     0.0000E+00     0.0000E+00     0.0000E+00     0.0000E+00     0.0000E+00     0.0000E+00     0.0000E+00     0.0000E+00     0.0000E+00     0.0000E+00     0.0000E+00     0.0000E+00     0.0000E+00     0.0000E+00     0.0000E+00
     -3001     0.2290E+07     0.1732E-09     0.1684E-09     0.1686E-09     0.1608E-09     0.1709E-09     0.1626E-09     0.1871E-09     0.1807E-09     0.1861E-09     0.1937E-09     0.2284E-09     0.1782E-09     0.2342E-09     0.1930E-09     0.1837E-09
     -1001     0.2311E+07     0.9742E-08     0.9084E-08     0.9089E-08     0.9179E-08     0.9170E-08     0.9216E-08     0.9097E-08     0.9165E-08     0.9130E-08     0.9060E-08     0.8805E-08     0.9054E-08     0.9106E-08     0.9014E-08     0.9343E-08
     -2001     0.2311E+07     0.0000E+00     0.0000E+00     0.0000E+00     0.0000E+00     0.0000E+00     0.0000E+00     0.0000E+00     0.0000E+00     0.0000E+00     0.0000E+00     0.0000E+00     0.0000E+00     0.0000E+00     0.0000E+00     0.0000E+00
     -3001     0.2311E+07     0.2470E-10     0.2469E-10     0.2469E-10     0.2469E-10     0.2469E-10     0.2469E-10     0.2468E-10     0.2468E-10     0.2468E-10     0.2468E-10     0.2468E-10     0.2468E-10     0.2468E-10     0.2468E-10     0.2468E-10
     -1001     0.2333E+07     0.0000E+00     0.0000E+00     0.0000E+00     0.0000E+00     0.0000E+00     0.0000E+00     0.0000E+00     0.0000E+00     0.0000E+00     0.0000E+00     0.0000E+00     0.0000E+00     0.0000E+00     0.0000E+00     0.0000E+00
     -2001     0.2333E+07     0.0000E+00     0.0000E+00     0.0000E+00     0.0000E+00     0.0000E+00     0.0000E+00     0.0000E+00     0.0000E+00     0.0000E+00     0.0000E+00     0.0000E+00     0.0000E+00     0.0000E+00     0.0000E+00     0.0000E+00
     -3001     0.2333E+07    -0.1843E-08    -0.1105E-08    -0.1107E-08    -0.1173E-08    -0.1163E-08    -0.1197E-08    -0.1104E-08    -0.1152E-08    -0.1124E-08    -0.1072E-08    -0.9188E-09    -0.1067E-08    -0.1103E-08    -0.1040E-08    -0.1297E-08
     -1001     0.2354E+07     0.1287E-08     0.8388E-09     0.8409E-09     0.8846E-09     0.8793E-09     0.9021E-09     0.8419E-09     0.8741E-09     0.8563E-09     0.8223E-09     0.7177E-09     0.8194E-09     0.8438E-09     0.8014E-09     0.9703E-09
     -2001     0.2354E+07     0.0000E+00     0.0000E+00     0.0000E+00     0.0000E+00     0.0000E+00     0.0000E+00     0.0000E+00     0.0000E+00     0.0000E+00     0.0000E+00     0.0000E+00     0.0000E+00     0.0000E+00     0.0000E+00     0.0000E+00
     -3001     0.2354E+07     0.4691E-11     0.4691E-11     0.4691E-11     0.4692E-11     0.4692E-11     0.4692E-11     0.4693E-11     0.4693E-11     0.4694E-11     0.4694E-11     0.4694E-11     0.4694E-11     0.4694E-11     0.4694E-11     0.4694E-11
     -1001     0.2376E+07     0.3543E-07     0.3220E-07     0.3231E-07     0.2917E-07     0.3366E-07     0.3021E-07     0.4064E-07     0.3819E-07     0.4053E-07     0.4359E-07     0.5690E-07     0.3703E-07     0.5983E-07     0.4323E-07     0.4002E-07
     -2001     0.2376E+07     0.0000E+00     0.0000E+00     0.0000E+00     0.0000E+00     0.0000E+00     0.0000E+00     0.0000E+00     0.0000E+00     0.0000E+00     0.0000E+00     0.0000E+00     0.0000E+00     0.0000E+00     0.0000E+00     0.0000E+00
     -3001     0.2376E+07     0.6191E-10     0.5862E-10     0.5877E-10     0.5349E-10     0.6066E-10     0.5501E-10     0.7203E-10     0.6787E-10     0.7170E-10     0.7685E-10     0.1075E-09     0.6633E-10     0.1111E-09     0.7642E-10     0.7014E-10
     -1001     0.2398E+07     0.3070E-08     0.2956E-08     0.2956E-08     0.2971E-08     0.2969E-08     0.2976E-08     0.2954E-08     0.2965E-08     0.2959E-08     0.2945E-08     0.2899E-08     0.2944E-08     0.2953E-08     0.2937E-08     0.2995E-08
     -2001     0.2398E+07     0.0000E+00     0.0000E+00     0.0000E+00     0.0000E+00     0.0000E+00     0.0000E+00     0.0000E+00     0.0000E+00     0.0000E+00     0.0000E+00     0.0000E+00     0.0000E+00     0.0000E+00     0.0000E+00     0.0000E+00
     -3001     0.2398E+07     0.9469E-11     0.9465E-11     0.9462E-11     0.9457E-11     0.9453E-11     0.9447E-11     0.9444E-11     0.9439E-11     0.9435E-11     0.9432E-11     0.9431E-11     0.9430E-11     0.9429E-11     0.9429E-11     0.9428E-11
     -1001     0.2419E+07     0.0000E+00     0.0000E+00     0.0000E+00     0.0000E+00     0.0000E+00     0.0000E+00     0.0000E+00     0.0000E+00     0.0000E+00     0.0000E+00     0.0000E+00     0.0000E+00     0.0000E+00     0.0000E+00     0.0000E+00
     -2001     0.2419E+07     0.0000E+00     0.0000E+00     0.0000E+00     0.0000E+00     0.0000E+00     0.0000E+00     0.0000E+00     0.0000E+00     0.0000E+00     0.0000E+00     0.0000E+00     0.0000E+00     0.0000E+00     0.0000E+00     0.0000E+00
     -3001     0.2419E+07    -0.7788E-09    -0.6347E-09    -0.6352E-09    -0.6518E-09    -0.6493E-09    -0.6575E-09    -0.6338E-09    -0.6460E-09    -0.6387E-09    -0.6247E-09    -0.5792E-09    -0.6235E-09    -0.6330E-09    -0.6159E-09    -0.6805E-09
     -1001     0.2441E+07     0.0000E+00     0.0000E+00     0.0000E+00     0.0000E+00     0.0000E+00     0.0000E+00     0.0000E+00     0.0000E+00     0.0000E+00     0.0000E+00     0.0000E+00     0.0000E+00     0.0000E+00     0.0000E+00     0.0000E+00
     -2001     0.2441E+07     0.0000E+00     0.0000E+00     0.0000E+00     0.0000E+00     0.0000E+00     0.0000E+00     0.0000E+00     0.0000E+00     0.0000E+00     0.0000E+00     0.0000E+00     0.0000E+00     0.0000E+00     0.0000E+00     0.0000E+00
     -3001     0.2441E+07    -0.3191E-09    -0.2750E-09    -0.2752E-09    -0.2806E-09    -0.2798E-09    -0.2825E-09    -0.2749E-09    -0.2789E-09    -0.2765E-09    -0.2720E-09    -0.2568E-09    -0.2716E-09    -0.2747E-09    -0.2691E-09    -0.2898E-09
     -1001     0.2462E+07     0.1463E-07     0.1344E-07     0.1349E-07     0.1200E-07     0.1418E-07     0.1255E-07     0.1771E-07     0.1656E-07     0.1777E-07     0.1934E-07     0.2712E-07     0.1611E-07     0.2805E-07     0.1919E-07     0.1740E-07
     -2001     0.2462E+07     0.3362E-07     0.3161E-07     0.3171E-07     0.2848E-07     0.3290E-07     0.2944E-07     0.3991E-07     0.3737E-07     0.3973E-07     0.4291E-07     0.5655E-07     0.3645E-07     0.5854E-07     0.4266E-07     0.3880E-07
     -3001     0.2462E+07     0.5627E-10     0.5310E-10     0.5324E-10     0.4817E-10     0.5506E-10     0.4962E-10     0.6596E-10     0.6197E-10     0.6564E-10     0.7057E-10     0.9984E-10     0.6048E-10     0.1032E-09     0.7016E-10     0.6414E-10
     -1001     0.2484E+07     0.8409E-08     0.7886E-08     0.7897E-08     0.7677E-08     0.8135E-08     0.7864E-08     0.9309E-08     0.8861E-08     0.9312E-08     0.1011E-07     0.9923E-08     0.8686E-08     0.1014E-07     0.1002E-07     0.9230E-08
     -2001     0.2484E+07     0.1076E-07     0.1076E-07     0.1076E-07     0.1076E-07     0.1076E-07     0.1076E-07     0.1075E-07     0.1075E-07     0.1075E-07     0.9862E-08     0.0000E+00     0.1075E-07     0.0000E+00     0.1075E-07     0.1075E-07
     -3001     0.2484E+07     0.1964E-10     0.1964E-10     0.1963E-10     0.1962E-10     0.1961E-10     0.1961E-10     0.1960E-10     0.1959E-10     0.1958E-10     0.1958E-10     0.1958E-10     0.1958E-10     0.1958E-10     0.1957E-10     0.1957E-10
     -1001     0.2506E+07     0.0000E+00     0.0000E+00     0.0000E+00     0.0000E+00     0.0000E+00     0.0000E+00     0.0000E+00     0.0000E+00     0.0000E+00     0.0000E+00     0.0000E+00     0.0000E+00     0.0000E+00     0.0000E+00     0.0000E+00
     -2001     0.2506E+07     0.0000E+00     0.0000E+00     0.0000E+00     0.0000E+00     0.0000E+00     0.0000E+00     0.0000E+00     0.0000E+00     0.0000E+00     0.0000E+00     0.0000E+00     0.0000E+00     0.0000E+00     0.0000E+00     0.0000E+00
     -3001     0.2506E+07    -0.4224E-08    -0.4224E-08    -0.4223E-08    -0.4221E-08    -0.4220E-08    -0.4219E-08    -0.4218E-08    -0.4217E-08    -0.4216E-08    -0.4215E-08    -0.4215E-08    -0.4215E-08    -0.4214E-08    -0.4214E-08    -0.4214E-08
     -1001     0.2527E+07     0.0000E+00     0.0000E+00     0.0000E+00     0.0000E+00     0.0000E+00     0.0000E+00     0.0000E+00     0.0000E+00     0.0000E+00     0.0000E+00     0.0000E+00     0.0000E+00     0.0000E+00     0.0000E+00     0.0000E+00
     -2001     0.2527E+07     0.0000E+00     0.0000E+00     0.0000E+00     0.0000E+00     0.0000E+00     0.0000E+00     0.0000E+00     0.0000E+00     0.0000E+00     0.0000E+00     0.0000E+00     0.0000E+00     0.0000E+00     0.0000E+00     0.0000E+00
     -3001     0.2527E+07    -0.3866E-09    -0.2337E-09    -0.2344E-09    -0.2426E-09    -0.2497E-09    -0.2510E-09    -0.2571E-09    -0.2606E-09    -0.2618E-09    -0.2554E-09    -0.2159E-09    -0.2396E-09    -0.2628E-09    -0.2473E-09    -0.3014E-09
     -1001     0.2549E+07     0.2084E-07     0.1842E-07     0.1852E-07     0.1557E-07     0.1970E-07     0.1649E-07     0.2617E-07     0.2387E-07     0.2605E-07     0.2893E-07     0.4141E-07     0.2289E-07     0.4375E-07     0.2864E-07     0.2540E-07
     -2001     0.2549E+07     0.0000E+00     0.0000E+00     0.0000E+00     0.0000E+00     0.0000E+00     0.0000E+00     0.0000E+00     0.0000E+00     0.0000E+00     0.0000E+00     0.0000E+00     0.0000E+00     0.0000E+00     0.0000E+00     0.0000E+00
     -3001     0.2549E+07     0.4891E-10     0.4483E-10     0.4502E-10     0.3847E-10     0.4739E-10     0.4037E-10     0.6154E-10     0.5637E-10     0.6115E-10     0.6756E-10     0.9558E-10     0.5447E-10     0.9951E-10     0.6704E-10     0.5923E-10
     -1001     0.2570E+07     0.8866E-08     0.8477E-08     0.8479E-08     0.8531E-08     0.8523E-08     0.8548E-08     0.8472E-08     0.8511E-08     0.8488E-08     0.8442E-08     0.8279E-08     0.8439E-08     0.8466E-08     0.8412E-08     0.8619E-08
     -2001     0.2570E+07     0.0000E+00     0.0000E+00     0.0000E+00     0.0000E+00     0.0000E+00     0.0000E+00     0.0000E+00     0.0000E+00     0.0000E+00     0.0000E+00     0.0000E+00     0.0000E+00     0.0000E+00     0.0000E+00     0.0000E+00
     -3001     0.2570E+07     0.1568E-10     0.1567E-10     0.1566E-10     0.1566E-10     0.1565E-10     0.1564E-10     0.1564E-10     0.1563E-10     0.1562E-10     0.1562E-10     0.1562E-10     0.1562E-10     0.1562E-10     0.1561E-10     0.1561E-10
     -1001     0.2592E+07     0.0000E+00     0.0000E+00     0.0000E+00     0.0000E+00     0.0000E+00     0.0000E+00     0.0000E+00     0.0000E+00     0.0000E+00     0.0000E+00     0.0000E+00     0.0000E+00     0.0000E+00     0.0000E+00     0.0000E+00
     -2001     0.2592E+07     0.0000E+00     0.0000E+00     0.0000E+00     0.0000E+00     0.0000E+00     0.0000E+00     0.0000E+00     0.0000E+00     0.0000E+00     0.0000E+00     0.0000E+00     0.0000E+00     0.0000E+00     0.0000E+00     0.0000E+00
     -3001     0.2592E+07    -0.1382E-08    -0.7879E-09    -0.7895E-09    -0.8407E-09    -0.8325E-09    -0.8593E-09    -0.7852E-09    -0.8224E-09    -0.8002E-09    -0.7595E-09    -0.6399E-09    -0.7570E-09    -0.7811E-09    -0.7351E-09    -0.9450E-09
     -1001     0.2614E+07     0.1111E-08     0.5898E-09     0.5916E-09     0.6347E-09     0.6286E-09     0.6519E-09     0.5909E-09     0.6226E-09     0.6048E-09     0.5717E-09     0.4749E-09     0.5699E-09     0.5898E-09     0.5521E-09     0.7281E-09
     -2001     0.2614E+07     0.0000E+00     0.0000E+00     0.0000E+00     0.0000E+00     0.0000E+00     0.0000E+00     0.0000E+00     0.0000E+00     0.0000E+00     0.0000E+00     0.0000E+00     0.0000E+00     0.0000E+00     0.0000E+00     0.0000E+00
     -3001     0.2614E+07     0.3361E-11     0.3361E-11     0.3362E-11     0.3362E-11     0.3362E-11     0.3363E-11     0.3363E-11     0.3363E-11     0.3363E-11     0.3364E-11     0.3364E-11     0.3364E-11     0.3364E-11     0.3364E-11     0.3364E-11
     -1001     0.2635E+07     0.1016E-06     0.9571E-07     0.9586E-07     0.9168E-07     0.9787E-07     0.9315E-07     0.1073E-06     0.1040E-06     0.1072E-06     0.1112E-06     0.1284E-06     0.1021E-06     0.1330E-06     0.1106E-06     0.1070E-06
     -2001     0.2635E+07     0.0000E+00     0.0000E+00     0.0000E+00     0.0000E+00     0.0000E+00     0.0000E+00     0.0000E+00     0.0000E+00     0.0000E+00     0.0000E+00     0.0000E+00     0.0000E+00     0.0000E+00     0.0000E+00     0.0000E+00
     -3001     0.2635E+07     0.1846E-09     0.1795E-09     0.1797E-09     0.1716E-09     0.1825E-09     0.1738E-09     0.1995E-09     0.1931E-09     0.1989E-09     0.2065E-09     0.2398E-09     0.1907E-09     0.2443E-09     0.2059E-09     0.1964E-09
     -1001     0.2657E+07     0.6087E-08     0.5797E-08     0.5799E-08     0.5840E-08     0.5835E-08     0.5856E-08     0.5800E-08     0.5831E-08     0.5815E-08     0.5781E-08     0.5658E-08     0.5780E-08     0.5800E-08     0.5760E-08     0.5921E-08
     -2001     0.2657E+07     0.0000E+00     0.0000E+00     0.0000E+00     0.0000E+00     0.0000E+00     0.0000E+00     0.0000E+00     0.0000E+00     0.0000E+00     0.0000E+00     0.0000E+00     0.0000E+00     0.0000E+00     0.0000E+00     0.0000E+00
     -3001     0.2657E+07     0.1781E-10     0.1781E-10     0.1781E-10     0.1780E-10     0.1780E-10     0.1779E-10     0.1779E-10     0.1779E-10     0.1779E-10     0.1778E-10     0.1778E-10     0.1778E-10     0.1778E-10     0.1778E-10     0.1778E-10
     -1001     0.2678E+07     0.0000E+00     0.0000E+00     0.0000E+00     0.0000E+00     0.0000E+00     0.0000E+00     0.0000E+00     0.0000E+00     0.0000E+00     0.0000E+00     0.0000E+00     0.0000E+00     0.0000E+00     0.0000E+00     0.0000E+00
     -2001     0.2678E+07     0.0000E+00     0.0000E+00     0.0000E+00     0.0000E+00     0.0000E+00     0.0000E+00     0.0000E+00     0.0000E+00     0.0000E+00     0.0000E+00     0.0000E+00     0.0000E+00     0.0000E+00     0.0000E+00     0.0000E+00
     -3001     0.2678E+07    -0.2439E-08    -0.1528E-08    -0.1531E-08    -0.1618E-08    -0.1604E-08    -0.1649E-08    -0.1524E-08    -0.1588E-08    -0.1550E-08    -0.1481E-08    -0.1271E-08    -0.1479E-08    -0.1517E-08    -0.1440E-08    -0.1803E-08
