01.01.2004 00:00:00.00      1200.
#  Startzeit              [d] -> [s]
# 	1: dump all; 0:dump for surface nodes
1	1
3	1
18	1
36	1
54	1
72	1
90	1
108	1
126	1
144	1
162	1
180	1
198	1
216	1
234	1
252	1
270	1
288	1
306	1
324	1
342	1
360	1
378	1
396	1
414	1
432	1
450	1
468	1
486	1
504	1
522	1
540	1
558	1
576	1
594	1
612	1
630	1
648	1
666	1
684	1
702	1
720	1
738	1
756	1
774	1
792	1
810	1
828	1
846	1
864	1
882	1
900	1
918	1
936	1
954	1
972	1
990	1
1008	1
1026	1
1044	1
1062	1
1080	1
1098	1
1116	1
1134	1
1152	1
1170	1
1188	1
1206	1
1224	1
1242	1
1260	1
1278	1
1296	1
1314	1
1332	1
1350	1
1368	1
1386	1
1404	1
1422	1
1440	1
1458	1
1476	1
1494	1
1512	1
1530	1
1548	1
1566	1
1584	1
1602	1
1620	1
1638	1
1656	1
1674	1
1692	1
1710	1
1728	1
1746	1
1764	1
1782	1
1800	1
1818	1
1836	1
1854	1
1872	1
1890	1
1908	1
1926	1
1944	1
1962	1
1980	1
1998	1
2016	1
2034	1
2052	1
2070	1
2088	1
2106	1
2124	1
2142	1
2160	1
2178	1
2196	1
2214	1
2232	1
2250	1
2268	1
2286	1
2304	1
2322	1
2340	1
2358	1
2376	1
2394	1
2412	1
2430	1
2448	1
2466	1
2484	1
2502	1
2520	1
2538	1
2556	1
2574	1
2592	1
2610	1
2628	1
2646	1
2664	1
2682	1
2700	1
2718	1
2736	1
2754	1
2772	1
2790	1
2808	1
2826	1
2844	1
2862	1
2880	1
2898	1
2916	1
2934	1
2952	1
2970	1
2988	1
3006	1
3024	1
3042	1
3060	1
3078	1
3096	1
3114	1
3132	1
3150	1
3168	1
3186	1
3204	1
3222	1
3240	1
3258	1
3276	1
3294	1
3312	1
3330	1
3348	1
3366	1
3384	1
3402	1
3420	1
3438	1
3456	1
3474	1
3492	1
3510	1
3528	1
3546	1
3564	1
3582	1
3600	1
3618	1
3636	1
3654	1
3672	1
3690	1
3708	1
3726	1
3744	1
3762	1
3780	1
3798	1
3816	1
3834	1
3852	1
3870	1
3888	1
3906	1
3924	1
3942	1
3960	1
3978	1
3996	1
4014	1
4032	1
4050	1
4068	1
4086	1
4104	1
4122	1
4140	1
4158	1
4176	1
4194	1
4212	1
4230	1
4248	1
4266	1
4284	1
4302	1
4320	1
4338	1
4356	1
4374	1
4392	1
4410	1
4428	1
4446	1
4464	1
4482	1
4500	1
4518	1
4536	1
4554	1
4572	1
4590	1
4608	1
4626	1
4644	1
4662	1
4680	1
4698	1
4716	1
4734	1
4752	1
4770	1
4788	1
4806	1
4824	1
4842	1
4860	1
4878	1
4896	1
4914	1
4932	1
4950	1
4968	1
4986	1
5004	1
5022	1
5040	1
5058	1
5076	1
5094	1
5112	1
5130	1
5148	1
5166	1
5184	1
5202	1
5220	1
5238	1
5256	1
5274	1
5292	1
5310	1
5328	1
5346	1
5364	1
5382	1
5400	1
5418	1
5436	1
5454	1
5472	1
5490	1
5508	1
5526	1
5544	1
5562	1
5580	1
5598	1
5616	1
5634	1
5652	1
5670	1
5688	1
5706	1
5724	1
5742	1
5760	1
5778	1
5796	1
5814	1
5832	1
5850	1
5868	1
5886	1
5904	1
5922	1
5940	1
5958	1
5976	1
5994	1
6012	1
6030	1
6048	1
6066	1
6084	1
6102	1
6120	1
6138	1
6156	1
6174	1
6192	1
6210	1
6228	1
6246	1
6264	1
6282	1
6300	1
6318	1
6336	1
6354	1
6372	1
6390	1
6408	1
6426	1
6444	1
6462	1
6480	1
6498	1
6516	1
6534	1
6552	1
6570	1
6588	1
6606	1
6624	1
6642	1
6660	1
6678	1
6696	1
6714	1
6732	1
6750	1
6768	1
6786	1
6804	1
6822	1
6840	1
6858	1
6876	1
6894	1
6912	1
6930	1
6948	1
6966	1
6984	1
7002	1
7020	1
7038	1
7056	1
7074	1
7092	1
7110	1
7128	1
7146	1
7164	1
7182	1
7200	1
7218	1
7236	1
7254	1
7272	1
7290	1
7308	1
7326	1
7344	1
7362	1
7380	1
7398	1
7416	1
7434	1
7452	1
7470	1
7488	1
7506	1
7524	1
7542	1
7560	1
7578	1
7596	1
7614	1
7632	1
7650	1
7668	1
7686	1
7704	1
7722	1
7740	1
7758	1
7776	1
7794	1
7812	1
7830	1
7848	1
7866	1
7884	1
7902	1
7920	1
7938	1
7956	1
7974	1
7992	1
8010	1
8028	1
8046	1
8064	1
8082	1
8100	1
8118	1
8136	1
8154	1
8172	1
8190	1
8208	1
8226	1
8244	1
8262	1
8280	1
8298	1
8316	1
8334	1
8352	1
8370	1
8388	1
8406	1
8424	1
8442	1
8460	1
8478	1
8496	1
8514	1
8532	1
8550	1
8568	1
8586	1
8604	1
8622	1
8640	1
8658	1
8676	1
8694	1
8712	1
8730	1
8748	1
8766	1
8784	1
8802	1
8820	1
8838	1
8856	1
8874	1
8892	1
8910	1
8928	1
8946	1
8964	1
8982	1
9000	1
9018	1
9036	1
9054	1
9072	1
9090	1
9108	1
9126	1
9144	1
9162	1
9180	1
9198	1
9216	1
9234	1
9252	1
9270	1
9288	1
9306	1
9324	1
9342	1
9360	1
9378	1
9396	1
9414	1
9432	1
9450	1
9468	1
9486	1
9504	1
9522	1
9540	1
9558	1
9576	1
9594	1
9612	1
9630	1
9648	1
9666	1
9684	1
9702	1
9720	1
9738	1
9756	1
9774	1
9792	1
9810	1
9828	1
9846	1
9864	1
9882	1
9900	1
9918	1
9936	1
9954	1
9972	1
9990	1
10008	1
10026	1
10044	1
10062	1
10080	1
10098	1
10116	1
10134	1
10152	1
10170	1
10188	1
10206	1
10224	1
10242	1
10260	1
10278	1
10296	1
10314	1
10332	1
10350	1
10368	1
10386	1
10404	1
10422	1
10440	1
10458	1
10476	1
10494	1
10512	1
10530	1
10548	1
10566	1
10584	1
10602	1
10620	1
10638	1
10656	1
10674	1
10692	1
10710	1
10728	1
10746	1
10764	1
10782	1
10800	1
10818	1
10836	1
10854	1
10872	1
10890	1
10908	1
10926	1
10944	1
10962	1
10980	1
10998	1
11016	1
11034	1
11052	1
11070	1
11088	1
11106	1
11124	1
11142	1
11160	1
11178	1
11196	1
11214	1
11232	1
11250	1
11268	1
11286	1
11304	1
11322	1
11340	1
11358	1
11376	1
11394	1
11412	1
11430	1
11448	1
11466	1
11484	1
11502	1
11520	1
11538	1
11556	1
11574	1
11592	1
11610	1
11628	1
11646	1
11664	1
11682	1
11700	1
11718	1
11736	1
11754	1
11772	1
11790	1
11808	1
11826	1
11844	1
11862	1
11880	1
11898	1
11916	1
11934	1
11952	1
11970	1
11988	1
12006	1
12024	1
12042	1
12060	1
12078	1
12096	1
12114	1
12132	1
12150	1
12168	1
12186	1
12204	1
12222	1
12240	1
12258	1
12276	1
12294	1
12312	1
12330	1
12348	1
12366	1
12384	1
12402	1
12420	1
12438	1
12456	1
12474	1
12492	1
12510	1
12528	1
12546	1
12564	1
12582	1
12600	1
12618	1
12636	1
12654	1
12672	1
12690	1
12708	1
12726	1
12744	1
12762	1
12780	1
12798	1
12816	1
12834	1
12852	1
12870	1
12888	1
12906	1
12924	1
12942	1
12960	1
12978	1
12996	1
13014	1
13032	1
13050	1
13068	1
13086	1
13104	1
13122	1
13140	1
13158	1
13176	1
13194	1
13212	1
13230	1
13248	1
13266	1
13284	1
13302	1
13320	1
13338	1
13356	1
13374	1
13392	1
13410	1
13428	1
13446	1
13464	1
13482	1
13500	1
13518	1
13536	1
13554	1
13572	1
13590	1
13608	1
13626	1
13644	1
13662	1
13680	1
13698	1
13716	1
13734	1
13752	1
13770	1
13788	1
13806	1
13824	1
13842	1
13860	1
13878	1
13896	1
13914	1
13932	1
13950	1
13968	1
13986	1
14004	1
14022	1
14040	1
14058	1
14076	1
14094	1
14112	1
14130	1
14148	1
14166	1
14184	1
14202	1
14220	1
14238	1
14256	1
14274	1
14292	1
14310	1
14328	1
14346	1
14364	1
14382	1
14400	1
14418	1
14436	1
14454	1
14472	1
14490	1
14508	1
14526	1
14544	1
14562	1
14580	1
14598	1
14616	1
14634	1
14652	1
14670	1
14688	1
14706	1
14724	1
14742	1
14760	1
14778	1
14796	1
14814	1
14832	1
14850	1
14868	1
14886	1
14904	1
14922	1
14940	1
14958	1
14976	1
14994	1
15012	1
15030	1
15048	1
15066	1
15084	1
15102	1
15120	1
15138	1
15156	1
15174	1
15192	1
15210	1
15228	1
15246	1
15264	1
15282	1
15300	1
15318	1
15336	1
15354	1
15372	1
15390	1
15408	1
15426	1
15444	1
15462	1
15480	1
15498	1
15516	1
15534	1
15552	1
15570	1
15588	1
15606	1
15624	1
15642	1
15660	1
15678	1
15696	1
15714	1
15732	1
15750	1
15768	1
15786	1
15804	1
15822	1
15840	1
15858	1
15876	1
15894	1
15912	1
15930	1
15948	1
15966	1
15984	1
16002	1
16020	1
16038	1
16056	1
16074	1
16092	1
16110	1
16128	1
16146	1
16164	1
16182	1
16200	1
16218	1
16236	1
16254	1
16272	1
16290	1
16308	1
16326	1
16344	1
16362	1
16380	1
16398	1
16416	1
16434	1
16452	1
16470	1
16488	1
16506	1
16524	1
16542	1
16560	1
16578	1
16596	1
16614	1
16632	1
16650	1
16668	1
16686	1
16704	1
16722	1
16740	1
16758	1
16776	1
16794	1
16812	1
16830	1
16848	1
16866	1
16884	1
16902	1
16920	1
16938	1
16956	1
16974	1
16992	1
17010	1
17028	1
17046	1
17064	1
17082	1
17100	1
17118	1
17136	1
17154	1
17172	1
17190	1
17208	1
17226	1
17244	1
17262	1
17280	1
17298	1
17316	1
17334	1
17352	1
17370	1
17388	1
17406	1
17424	1
17442	1
17460	1
17478	1
17496	1
17514	1
17532	1
17550	1
17568	1
17586	1
17604	1
17622	1
17640	1
17658	1
17676	1
17694	1
17712	1
17730	1
17748	1
17766	1
17784	1
17802	1
17820	1
17838	1
17856	1
17874	1
17892	1
17910	1
17928	1
17946	1
17964	1
17982	1
18000	1
18018	1
18036	1
18054	1
18072	1
18090	1
18108	1
18126	1
18144	1
18162	1
18180	1
18198	1
18216	1
18234	1
18252	1
18270	1
18288	1
18306	1
18324	1
18342	1
18360	1
18378	1
18396	1
18414	1
18432	1
18450	1
18468	1
18486	1
18504	1
18522	1
18540	1
18558	1
18576	1
18594	1
18612	1
18630	1
18648	1
18666	1
18684	1
18702	1
18720	1
18738	1
18756	1
18774	1
18792	1
18810	1
18828	1
18846	1
18864	1
18882	1
18900	1
18918	1
18936	1
18954	1
18972	1
18990	1
19008	1
19026	1
19044	1
19062	1
19080	1
19098	1
19116	1
19134	1
19152	1
19170	1
19188	1
19206	1
19224	1
19242	1
19260	1
19278	1
19296	1
19314	1
19332	1
19350	1
19368	1
19386	1
19404	1
19422	1
19440	1
19458	1
19476	1
19494	1
19512	1
19530	1
19548	1
19566	1
19584	1
19602	1
19620	1
19638	1
19656	1
19674	1
19692	1
19710	1
19728	1
19746	1
19764	1
19782	1
19800	1
19818	1
19836	1
19854	1
19872	1
19890	1
19908	1
19926	1
19944	1
19962	1
19980	1
19998	1
20016	1
20034	1
20052	1
20070	1
20088	1
20106	1
20124	1
20142	1
20160	1
20178	1
20196	1
20214	1
20232	1
20250	1
20268	1
20286	1
20304	1
20322	1
20340	1
20358	1
20376	1
20394	1
20412	1
20430	1
20448	1
20466	1
20484	1
20502	1
20520	1
20538	1
20556	1
20574	1
20592	1
20610	1
20628	1
20646	1
20664	1
20682	1
20700	1
20718	1
20736	1
20754	1
20772	1
20790	1
20808	1
20826	1
20844	1
20862	1
20880	1
20898	1
20916	1
20934	1
20952	1
20970	1
20988	1
21006	1
21024	1
21042	1
21060	1
21078	1
21096	1
21114	1
21132	1
21150	1
21168	1
21186	1
21204	1
21222	1
21240	1
21258	1
21276	1
21294	1
21312	1
21330	1
21348	1
21366	1
21384	1
21402	1
21420	1
21438	1
21456	1
21474	1
21492	1
21510	1
21528	1
21546	1
21564	1
21582	1
21600	1
21618	1
21636	1
21654	1
21672	1
21690	1
21708	1
21726	1
21744	1
21762	1
21780	1
21798	1
21816	1
21834	1
21852	1
21870	1
21888	1
21906	1
21924	1
21942	1
21960	1
21978	1
21996	1
22014	1
22032	1
22050	1
22068	1
22086	1
22104	1
22122	1
22140	1
22158	1
22176	1
22194	1
22212	1
22230	1
22248	1
22266	1
22284	1
22302	1
22320	1
22338	1
22356	1
22374	1
22392	1
22410	1
22428	1
22446	1
22464	1
22482	1
22500	1
22518	1
22536	1
22554	1
22572	1
22590	1
22608	1
22626	1
22644	1
22662	1
22680	1
22698	1
22716	1
22734	1
22752	1
22770	1
22788	1
22806	1
22824	1
22842	1
22860	1
22878	1
22896	1
22914	1
22932	1
22950	1
22968	1
22986	1
23004	1
23022	1
23040	1
23058	1
23076	1
23094	1
23112	1
23130	1
23148	1
23166	1
23184	1
23202	1
23220	1
23238	1
23256	1
23274	1
23292	1
23310	1
23328	1
23346	1
23364	1
23382	1
23400	1
23418	1
23436	1
23454	1
23472	1
23490	1
23508	1
23526	1
23544	1
23562	1
23580	1
23598	1
23616	1
23634	1
23652	1
23670	1
23688	1
23706	1
23724	1
23742	1
23760	1
23778	1
23796	1
23814	1
23832	1
23850	1
23868	1
23886	1
23904	1
23922	1
23940	1
23958	1
23976	1
23994	1
24012	1
24030	1
24048	1
24066	1
24084	1
24102	1
24120	1
24138	1
24156	1
24174	1
24192	1
24210	1
24228	1
24246	1
24264	1
24282	1
24300	1
24318	1
24336	1
24354	1
24372	1
24390	1
24408	1
24426	1
24444	1
24462	1
24480	1
24498	1
24516	1
24534	1
24552	1
24570	1
24588	1
24606	1
24624	1
24642	1
24660	1
24678	1
24696	1
24714	1
24732	1
24750	1
24768	1
24786	1
24804	1
24822	1
24840	1
24858	1
24876	1
24894	1
24912	1
24930	1
24948	1
24966	1
24984	1
25002	1
25020	1
25038	1
25056	1
25074	1
25092	1
25110	1
25128	1
25146	1
25164	1
25182	1
25200	1
25218	1
25236	1
25254	1
25272	1
25290	1
25308	1
25326	1
25344	1
25362	1
25380	1
25398	1
25416	1
25434	1
25452	1
25470	1
25488	1
25506	1
25524	1
25542	1
25560	1
25578	1
25596	1
25614	1
25632	1
25650	1
25668	1
25686	1
25704	1
25722	1
25740	1
25758	1
25776	1
25794	1
25812	1
25830	1
25848	1
25866	1
25884	1
25902	1
25920	1
25938	1
25956	1
25974	1
25992	1
26010	1
26028	1
26046	1
26064	1
26082	1
26100	1
26118	1
26136	1
26154	1
26172	1
26190	1
26208	1
26226	1
26244	1
26262	1
26280	1
26298	1
26316	1
26334	1
26352	1
26370	1
26388	1
26406	1
26424	1
26442	1
26460	1
26478	1
26496	1
26514	1
26532	1
26550	1
26568	1
26586	1
26604	1
26622	1
26640	1
26658	1
26676	1
26694	1
26712	1
26730	1
26748	1
26766	1
26784	1
26802	1
26820	1
26838	1
26856	1
26874	1
26892	1
26910	1
26928	1
26946	1
26964	1
26982	1
27000	1
27018	1
27036	1
27054	1
27072	1
27090	1
27108	1
27126	1
27144	1
27162	1
27180	1
27198	1
27216	1
27234	1
27252	1
27270	1
27288	1
27306	1
27324	1
27342	1
27360	1
27378	1
27396	1
27414	1
27432	1
27450	1
27468	1
27486	1
27504	1
27522	1
27540	1
27558	1
27576	1
27594	1
27612	1
27630	1
27648	1
27666	1
27684	1
27702	1
27720	1
27738	1
27756	1
27774	1
27792	1
27810	1
27828	1
27846	1
27864	1
27882	1
27900	1
27918	1
27936	1
27954	1
27972	1
27990	1
28008	1
28026	1
28044	1
28062	1
28080	1
28098	1
28116	1
28134	1
28152	1
28170	1
28188	1
28206	1
28224	1
28242	1
28260	1
28278	1
28296	1
28314	1
28332	1
28350	1
28368	1
28386	1
28404	1
28422	1
28440	1
28458	1
28476	1
28494	1
28512	1
28530	1
28548	1
28566	1
28584	1
28602	1
28620	1
28638	1
28656	1
28674	1
28692	1
28710	1
28728	1
28746	1
28764	1
28782	1
28800	1
28818	1
28836	1
28854	1
28872	1
28890	1
28908	1
28926	1
28944	1
28962	1
28980	1
28998	1
29016	1
29034	1
29052	1
29070	1
29088	1
29106	1
29124	1
29142	1
29160	1
29178	1
29196	1
29214	1
29232	1
29250	1
29268	1
29286	1
29304	1
29322	1
29340	1
29358	1
29376	1
29394	1
29412	1
29430	1
29448	1
29466	1
29484	1
29502	1
29520	1
29538	1
29556	1
29574	1
29592	1
29610	1
29628	1
29646	1
29664	1
29682	1
29700	1
29718	1
29736	1
29754	1
29772	1
29790	1
29808	1
29826	1
29844	1
29862	1
29880	1
29898	1
29916	1
29934	1
29952	1
29970	1
29988	1
30006	1
30024	1
30042	1
30060	1
30078	1
30096	1
30114	1
30132	1
30150	1
30168	1
30186	1
30204	1
30222	1
30240	1
30258	1
30276	1
30294	1
30312	1
30330	1
30348	1
30366	1
30384	1
30402	1
30420	1
30438	1
30456	1
30474	1
30492	1
30510	1
30528	1
30546	1
30564	1
30582	1
30600	1
30618	1
30636	1
30654	1
30672	1
30690	1
30708	1
30726	1
30744	1
30762	1
30780	1
30798	1
30816	1
30834	1
30852	1
30870	1
30888	1
30906	1
30924	1
30942	1
30960	1
30978	1
30996	1
31014	1
31032	1
31050	1
31068	1
31086	1
31104	1
31122	1
31140	1
31158	1
31176	1
31194	1
31212	1
31230	1
31248	1
31266	1
31284	1
31302	1
31320	1
31338	1
31356	1
31374	1
31392	1
31410	1
31428	1
31446	1
31464	1
31482	1
31500	1
31518	1
31536	1
31554	1
31572	1
31590	1
31608	1
31626	1
31644	1
31662	1
31680	1
31698	1
31716	1
31734	1
31752	1
31770	1
31788	1
31806	1
31824	1
31842	1
31860	1
31878	1
31896	1
31914	1
31932	1
31950	1
31968	1
31986	1
32004	1
32022	1
32040	1
32058	1
32076	1
32094	1
32112	1
32130	1
32148	1
32166	1
32184	1
32202	1
32220	1
32238	1
32256	1
32274	1
32292	1
32310	1
32328	1
32346	1
32364	1
32382	1
32400	1
32418	1
32436	1
32454	1
32472	1
32490	1
32508	1
32526	1
32544	1
32562	1
32580	1
32598	1
32616	1
32634	1
32652	1
32670	1
32688	1
32706	1
32724	1
32742	1
32760	1
32778	1
32796	1
32814	1
32832	1
32850	1
32868	1
32886	1
32904	1
32922	1
32940	1
32958	1
32976	1
32994	1
33012	1
33030	1
33048	1
33066	1
33084	1
33102	1
33120	1
33138	1
33156	1
33174	1
33192	1
33210	1
33228	1
33246	1
33264	1
33282	1
33300	1
33318	1
33336	1
33354	1
33372	1
33390	1
33408	1
33426	1
33444	1
33462	1
33480	1
33498	1
33516	1
33534	1
33552	1
33570	1
33588	1
33606	1
33624	1
33642	1
33660	1
33678	1
33696	1
33714	1
33732	1
33750	1
33768	1
33786	1
33804	1
33822	1
33840	1
33858	1
33876	1
33894	1
33912	1
33930	1
33948	1
33966	1
33984	1
34002	1
34020	1
34038	1
34056	1
34074	1
34092	1
34110	1
34128	1
34146	1
34164	1
34182	1
34200	1
34218	1
34236	1
34254	1
34272	1
34290	1
34308	1
34326	1
34344	1
34362	1
34380	1
34398	1
34416	1
34434	1
34452	1
34470	1
34488	1
34506	1
34524	1
34542	1
34560	1
34578	1
34596	1
34614	1
34632	1
34650	1
34668	1
34686	1
34704	1
34722	1
34740	1
34758	1
34776	1
34794	1
34812	1
34830	1
34848	1
34866	1
34884	1
34902	1
34920	1
34938	1
34956	1
34974	1
34992	1
35010	1
35028	1
35046	1
35064	1
35082	1
35100	1
35118	1
35136	1
35154	1
35172	1
35190	1
35208	1
35226	1
35244	1
35262	1
35280	1
35298	1
35316	1
35334	1
35352	1
35370	1
35388	1
35406	1
35424	1
35442	1
35460	1
35478	1
35496	1
35514	1
35532	1
35550	1
35568	1
35586	1
35604	1
35622	1
35640	1
35658	1
35676	1
35694	1
35712	1
35730	1
35748	1
35766	1
35784	1
35802	1
35820	1
35838	1
35856	1
35874	1
35892	1
35910	1
35928	1
35946	1
35964	1
35982	1
36000	1
36018	1
36036	1
36054	1
36072	1
36090	1
36108	1
36126	1
36144	1
36162	1
36180	1
36198	1
36216	1
36234	1
36252	1
36270	1
36288	1
36306	1
36324	1
36342	1
36360	1
36378	1
36396	1
36414	1
36432	1
36450	1
36468	1
36486	1
36504	1
36522	1
36540	1
36558	1
36576	1
36594	1
36612	1
36630	1
36648	1
36666	1
36684	1
36702	1
36720	1
36738	1
36756	1
36774	1
36792	1
36810	1
36828	1
36846	1
36864	1
36882	1
36900	1
36918	1
36936	1
36954	1
36972	1
36990	1
37008	1
37026	1
37044	1
37062	1
37080	1
37098	1
37116	1
37134	1
37152	1
37170	1
37188	1
37206	1
37224	1
37242	1
37260	1
37278	1
37296	1
37314	1
37332	1
37350	1
37368	1
37386	1
37404	1
37422	1
37440	1
37458	1
37476	1
37494	1
37512	1
37530	1
37548	1
37566	1
37584	1
37602	1
37620	1
37638	1
37656	1
37674	1
37692	1
37710	1
37728	1
37746	1
37764	1
37782	1
37800	1
37818	1
37836	1
37854	1
37872	1
37890	1
37908	1
37926	1
37944	1
37962	1
37980	1
37998	1
38016	1
38034	1
38052	1
38070	1
38088	1
38106	1
38124	1
38142	1
38160	1
38178	1
38196	1
38214	1
38232	1
38250	1
38268	1
38286	1
38304	1
38322	1
38340	1
38358	1
38376	1
38394	1
38412	1
38430	1
38448	1
38466	1
38484	1
38502	1
38520	1
38538	1
38556	1
38574	1
38592	1
38610	1
38628	1
38646	1
38664	1
38682	1
38700	1
38718	1
38736	1
38754	1
38772	1
38790	1
38808	1
38826	1
38844	1
38862	1
38880	1
38898	1
38916	1
38934	1
38952	1
38970	1
38988	1
39006	1
39024	1
39042	1
39060	1
39078	1
39096	1
39114	1
39132	1
39150	1
39168	1
39186	1
39204	1
39222	1
39240	1
39258	1
39276	1
39294	1
39312	1
39330	1
39348	1
39366	1
39384	1
39402	1
39420	1
39438	1
39456	1
39474	1
39492	1
39510	1
39528	1
39546	1
39564	1
39582	1
39600	1
39618	1
39636	1
39654	1
39672	1
39690	1
39708	1
39726	1
39744	1
39762	1
39780	1
39798	1
39816	1
39834	1
39852	1
39870	1
39888	1
39906	1
39924	1
39942	1
39960	1
39978	1
39996	1
40014	1
40032	1
40050	1
40068	1
40086	1
40104	1
40122	1
40140	1
40158	1
40176	1
40194	1
40212	1
40230	1
40248	1
40266	1
40284	1
40302	1
40320	1
40338	1
40356	1
40374	1
40392	1
40410	1
40428	1
40446	1
40464	1
40482	1
40500	1
40518	1
40536	1
40554	1
40572	1
40590	1
40608	1
40626	1
40644	1
40662	1
40680	1
40698	1
40716	1
40734	1
40752	1
40770	1
40788	1
40806	1
40824	1
40842	1
40860	1
40878	1
40896	1
40914	1
40932	1
40950	1
40968	1
40986	1
41004	1
41022	1
41040	1
41058	1
41076	1
41094	1
41112	1
41130	1
41148	1
41166	1
41184	1
41202	1
41220	1
41238	1
41256	1
41274	1
41292	1
41310	1
41328	1
41346	1
41364	1
41382	1
41400	1
41418	1
41436	1
41454	1
41472	1
41490	1
41508	1
41526	1
41544	1
41562	1
41580	1
41598	1
41616	1
41634	1
41652	1
41670	1
41688	1
41706	1
41724	1
41742	1
41760	1
41778	1
41796	1
41814	1
41832	1
41850	1
41868	1
41886	1
41904	1
41922	1
41940	1
41958	1
41976	1
41994	1
42012	1
42030	1
42048	1
42066	1
42084	1
42102	1
42120	1
42138	1
42156	1
42174	1
42192	1
42210	1
42228	1
42246	1
42264	1
42282	1
42300	1
42318	1
42336	1
42354	1
42372	1
42390	1
42408	1
42426	1
42444	1
42462	1
42480	1
42498	1
42516	1
42534	1
42552	1
42570	1
42588	1
42606	1
42624	1
42642	1
42660	1
42678	1
42696	1
42714	1
42732	1
42750	1
42768	1
42786	1
42804	1
42822	1
42840	1
42858	1
42876	1
42894	1
42912	1
42930	1
42948	1
42966	1
42984	1
43002	1
43020	1
43038	1
43056	1
43074	1
43092	1
43110	1
43128	1
43146	1
43164	1
43182	1
43200	1
43218	1
43236	1
43254	1
43272	1
43290	1
43308	1
43326	1
43344	1
43362	1
43380	1
43398	1
43416	1
43434	1
43452	1
43470	1
43488	1
43506	1
43524	1
43542	1
43560	1
43578	1
43596	1
43614	1
43632	1
43650	1
43668	1
43686	1
43704	1
43722	1
43740	1
43758	1
43776	1
43794	1
43812	1
43830	1
43848	1
43866	1
43884	1
43902	1
43920	1
43938	1
43956	1
43974	1
43992	1
44010	1
44028	1
44046	1
44064	1
44082	1
44100	1
44118	1
44136	1
44154	1
44172	1
44190	1
44208	1
44226	1
44244	1
44262	1
44280	1
44298	1
44316	1
44334	1
44352	1
44370	1
44388	1
44406	1
44424	1
44442	1
44460	1
44478	1
44496	1
44514	1
44532	1
44550	1
44568	1
44586	1
44604	1
44622	1
44640	1
44658	1
44676	1
44694	1
44712	1
44730	1
44748	1
44766	1
44784	1
44802	1
44820	1
44838	1
44856	1
44874	1
44892	1
44910	1
44928	1
44946	1
44964	1
44982	1
45000	1
45018	1
45036	1
45054	1
45072	1
45090	1
45108	1
45126	1
45144	1
45162	1
45180	1
45198	1
45216	1
45234	1
45252	1
45270	1
45288	1
45306	1
45324	1
45342	1
45360	1
45378	1
45396	1
45414	1
45432	1
45450	1
45468	1
45486	1
45504	1
45522	1
45540	1
45558	1
45576	1
45594	1
45612	1
45630	1
45648	1
45666	1
45684	1
45702	1
45720	1
45738	1
45756	1
45774	1
45792	1
45810	1
45828	1
45846	1
45864	1
45882	1
45900	1
45918	1
45936	1
45954	1
45972	1
45990	1
46008	1
46026	1
46044	1
46062	1
46080	1
46098	1
46116	1
46134	1
46152	1
46170	1
46188	1
46206	1
46224	1
46242	1
46260	1
46278	1
46296	1
46314	1
46332	1
46350	1
46368	1
46386	1
46404	1
46422	1
46440	1
46458	1
46476	1
46494	1
46512	1
46530	1
46548	1
46566	1
46584	1
46602	1
46620	1
46638	1
46656	1
46674	1
46692	1
46710	1
46728	1
46746	1
46764	1
46782	1
46800	1
46818	1
46836	1
46854	1
46872	1
46890	1
46908	1
46926	1
46944	1
46962	1
46980	1
46998	1
47016	1
47034	1
47052	1
47070	1
47088	1
47106	1
47124	1
47142	1
47160	1
47178	1
47196	1
47214	1
47232	1
47250	1
47268	1
47286	1
47304	1
47322	1
47340	1
47358	1
47376	1
47394	1
47412	1
47430	1
47448	1
47466	1
47484	1
47502	1
47520	1
47538	1
47556	1
47574	1
47592	1
47610	1
47628	1
47646	1
47664	1
47682	1
47700	1
47718	1
47736	1
47754	1
47772	1
47790	1
47808	1
47826	1
47844	1
47862	1
47880	1
47898	1
47916	1
47934	1
47952	1
47970	1
47988	1
48006	1
48024	1
48042	1
48060	1
48078	1
48096	1
48114	1
48132	1
48150	1
48168	1
48186	1
48204	1
48222	1
48240	1
48258	1
48276	1
48294	1
48312	1
48330	1
48348	1
48366	1
48384	1
48402	1
48420	1
48438	1
48456	1
48474	1
48492	1
48510	1
48528	1
48546	1
48564	1
48582	1
48600	1
48618	1
48636	1
48654	1
48672	1
48690	1
48708	1
48726	1
48744	1
48762	1
48780	1
48798	1
48816	1
48834	1
48852	1
48870	1
48888	1
48906	1
48924	1
48942	1
48960	1
48978	1
48996	1
49014	1
49032	1
49050	1
49068	1
49086	1
49104	1
49122	1
49140	1
49158	1
49176	1
49194	1
49212	1
49230	1
49248	1
49266	1
49284	1
49302	1
49320	1
49338	1
49356	1
49374	1
49392	1
49410	1
49428	1
49446	1
49464	1
49482	1
49500	1
49518	1
49536	1
49554	1
49572	1
49590	1
49608	1
49626	1
49644	1
49662	1
49680	1
49698	1
49716	1
49734	1
49752	1
49770	1
49788	1
49806	1
49824	1
49842	1
49860	1
49878	1
49896	1
49914	1
49932	1
49950	1
49968	1
49986	1
50004	1
50022	1
50040	1
50058	1
50076	1
50094	1
50112	1
50130	1
50148	1
50166	1
50184	1
50202	1
50220	1
50238	1
50256	1
50274	1
50292	1
50310	1
50328	1
50346	1
50364	1
50382	1
50400	1
50418	1
50436	1
50454	1
50472	1
50490	1
50508	1
50526	1
50544	1
50562	1
50580	1
50598	1
50616	1
50634	1
50652	1
50670	1
50688	1
50706	1
50724	1
50742	1
50760	1
50778	1
50796	1
50814	1
50832	1
50850	1
50868	1
50886	1
50904	1
50922	1
50940	1
50958	1
50976	1
50994	1
51012	1
51030	1
51048	1
51066	1
51084	1
51102	1
51120	1
51138	1
51156	1
51174	1
51192	1
51210	1
51228	1
51246	1
51264	1
51282	1
51300	1
51318	1
51336	1
51354	1
51372	1
51390	1
51408	1
51426	1
51444	1
51462	1
51480	1
51498	1
51516	1
51534	1
51552	1
51570	1
51588	1
51606	1
51624	1
51642	1
51660	1
51678	1
51696	1
51714	1
51732	1
51750	1
51768	1
51786	1
51804	1
51822	1
51840	1
