         0.0 -1001   14   14    0
      1200.0 -1001   14   14    0
      3600.0 -1001   14   14    0
     21600.0 -1001   14   14    0
     43200.0 -1001   14   14    0
     64800.0 -1001   14   14    0
     86400.0 -1001   14   14    0
    108000.0 -1001   14   14    0
    129600.0 -1001   14   14    0
    151200.0 -1001   14   14    0
    172800.0 -1001   14   14    0
    194400.0 -1001   14   14    0
    216000.0 -1001   14   14    0
    237600.0 -1001   14   14    0
    259200.0 -1001   14   14    0
    280800.0 -1001   14   14    0
    302400.0 -1001   14   14    0
    324000.0 -1001   14   14    0
    345600.0 -1001   14   14    0
    367200.0 -1001   14   14    0
    388800.0 -1001   14   14    0
    410400.0 -1001   14   14    0
    432000.0 -1001   14   14    0
    453600.0 -1001   14   14    0
    475200.0 -1001   14   14    0
    496800.0 -1001   14   14    0
    518400.0 -1001   14   14    0
    540000.0 -1001   14   14    0
    561600.0 -1001   14   14    0
    583200.0 -1001   14   14    0
    604800.0 -1001   14   14    0
    626400.0 -1001   14   14    0
    648000.0 -1001   14   14    0
    669600.0 -1001   14   14    0
    691200.0 -1001   14   14    0
    712800.0 -1001   14   14    0
    734400.0 -1001   14   14    0
    756000.0 -1001   14   14    0
    777600.0 -1001   14   14    0
    799200.0 -1001   14   14    0
    820800.0 -1001   14   14    0
    842400.0 -1001   14   14    0
    864000.0 -1001   14   14    0
    885600.0 -1001   14   14    0
    907200.0 -1001   14   14    0
    928800.0 -1001   14   14    0
    950400.0 -1001   14   14    0
    972000.0 -1001   14   14    0
    993600.0 -1001   14   14    0
   1015200.0 -1001   14   14    0
   1036800.0 -1001   14   14    0
   1058400.0 -1001   14   14    0
   1080000.0 -1001   14   14    0
   1101600.0 -1001   14   14    0
   1123200.0 -1001   14   14    0
   1144800.0 -1001   14   14    0
   1166400.0 -1001   14   14    0
   1188000.0 -1001   14   14    0
   1209600.0 -1001   14   14    0
   1231200.0 -1001   14   14    0
   1252800.0 -1001   14   14    0
   1274400.0 -1001   14   14    0
   1296000.0 -1001   14   14    0
   1317600.0 -1001   14   14    0
   1339200.0 -1001   14   14    0
   1360800.0 -1001   14   14    0
   1382400.0 -1001   14   14    0
   1404000.0 -1001   14   14    0
   1425600.0 -1001   14   14    0
   1447200.0 -1001   14   14    0
   1468800.0 -1001   14   14    0
   1490400.0 -1001   14   14    0
   1512000.0 -1001   14   14    0
   1533600.0 -1001   14   14    0
   1555200.0 -1001   14   14    0
   1576800.0 -1001   14   14    0
   1598400.0 -1001   14   14    0
   1620000.0 -1001   14   14    0
   1641600.0 -1001   14   14    0
   1663200.0 -1001   14   14    0
   1684800.0 -1001   14   14    0
   1706400.0 -1001   14   14    0
   1728000.0 -1001   14   14    0
   1749600.0 -1001   14   14    0
   1771200.0 -1001   14   14    0
   1792800.0 -1001   14   14    0
   1814400.0 -1001   14   14    0
   1836000.0 -1001   14   14    0
   1857600.0 -1001   14   14    0
   1879200.0 -1001   14   14    0
   1900800.0 -1001   14   14    0
   1922400.0 -1001   14   14    0
   1944000.0 -1001   14   14    0
   1965600.0 -1001   14   14    0
   1987200.0 -1001   14   14    0
   2008800.0 -1001   14   14    0
   2030400.0 -1001   14   14    0
   2052000.0 -1001   14   14    0
   2073600.0 -1001   14   14    0
   2095200.0 -1001   14   14    0
   2116800.0 -1001   14   14    0
   2138400.0 -1001   14   14    0
   2160000.0 -1001   14   14    0
   2181600.0 -1001   14   14    0
   2203200.0 -1001   14   14    0
   2224800.0 -1001   14   14    0
   2246400.0 -1001   14   14    0
   2268000.0 -1001   14   14    0
   2289600.0 -1001   14   14    0
   2311200.0 -1001   14   14    0
   2332800.0 -1001   14   14    0
   2354400.0 -1001   14   14    0
   2376000.0 -1001   14   14    0
   2397600.0 -1001   14   14    0
   2419200.0 -1001   14   14    0
   2440800.0 -1001   14   14    0
   2462400.0 -1001   14   14    0
   2484000.0 -1001   14   14    0
   2505600.0 -1001   14   14    0
   2527200.0 -1001   14   14    0
   2548800.0 -1001   14   14    0
   2570400.0 -1001   14   14    0
   2592000.0 -1001   14   14    0
   2613600.0 -1001   14   14    0
   2635200.0 -1001   14   14    0
   2656800.0 -1001   14   14    0
   2678400.0 -1001   14   14    0
